<?xml version="1.0" encoding="UTF-8"?>
<robot generator="Robot 7.0 (Python 3.12.10 on win32)" generated="2026-06-09T12:38:14.046878" rpa="false" schemaversion="5">
<suite id="s1" name="Tests" source="C:\Users\joaol\Documents\projeto_poo\biblioteca\robot_tests\tests">
<suite id="s1-s1" name="Auth Test" source="C:\Users\joaol\Documents\projeto_poo\biblioteca\robot_tests\tests\auth_test.robot">
<kw name="Criar Sessao Biblioteca" owner="api_config" type="SETUP">
<kw name="Create Session" owner="RequestsLibrary">
<msg time="2026-06-09T12:38:14.192390" level="INFO">Creating Session using : alias=biblioteca_api, url=http://localhost:8080, headers={},                     cookies={}, auth=None, timeout=None, proxies=None, verify=True,                     debug=0 </msg>
<arg>biblioteca_api</arg>
<arg>${BASE_URL}</arg>
<arg>verify=True</arg>
<doc>Create Session: create a HTTP session to a server</doc>
<status status="PASS" start="2026-06-09T12:38:14.192390" elapsed="0.000987"/>
</kw>
<status status="PASS" start="2026-06-09T12:38:14.192390" elapsed="0.000987"/>
</kw>
<test id="s1-s1-t1" name="CT01: Tentar login com e-mail inexistente deve retornar 401" line="14">
<kw name="Obter Headers Padrao" owner="api_config">
<kw name="Create Dictionary" owner="BuiltIn">
<msg time="2026-06-09T12:38:14.193377" level="INFO">${headers} = {'Content-Type': 'application/json'}</msg>
<var>${headers}</var>
<arg>Content-Type=${CONTENT_TYPE}</arg>
<doc>Creates and returns a dictionary based on the given ``items``.</doc>
<status status="PASS" start="2026-06-09T12:38:14.193377" elapsed="0.000000"/>
</kw>
<return>
<value>${headers}</value>
<status status="PASS" start="2026-06-09T12:38:14.193377" elapsed="0.000000"/>
</return>
<msg time="2026-06-09T12:38:14.194376" level="INFO">${headers} = {'Content-Type': 'application/json'}</msg>
<var>${headers}</var>
<status status="PASS" start="2026-06-09T12:38:14.193377" elapsed="0.000999"/>
</kw>
<kw name="Create Dictionary" owner="BuiltIn">
<msg time="2026-06-09T12:38:14.194376" level="INFO">${body} = {'identificador': 'naoexiste@gmail.com', 'senha': 'Qualquer123'}</msg>
<var>${body}</var>
<arg>identificador=naoexiste@gmail.com</arg>
<arg>senha=Qualquer123</arg>
<doc>Creates and returns a dictionary based on the given ``items``.</doc>
<status status="PASS" start="2026-06-09T12:38:14.194376" elapsed="0.000000"/>
</kw>
<kw name="POST On Session" owner="RequestsLibrary">
<msg time="2026-06-09T12:38:14.536724" level="INFO">POST Request : url=http://localhost:8080/auth/login 
 path_url=/auth/login 
 headers={'User-Agent': 'python-requests/2.34.2', 'Accept-Encoding': 'gzip, deflate', 'Accept': '*/*', 'Connection': 'keep-alive', 'Content-Type': 'application/json', 'Content-Length': '64'} 
 body=b'{"identificador": "naoexiste@gmail.com", "senha": "Qualquer123"}' 
 </msg>
<msg time="2026-06-09T12:38:14.536724" level="INFO">POST Response : url=http://localhost:8080/auth/login 
 status=401, reason= 
 headers={'Vary': 'Origin, Access-Control-Request-Method, Access-Control-Request-Headers', 'X-Content-Type-Options': 'nosniff', 'X-XSS-Protection': '0', 'Cache-Control': 'no-cache, no-store, max-age=0, must-revalidate', 'Pragma': 'no-cache', 'Expires': '0', 'X-Frame-Options': 'DENY', 'Content-Type': 'application/json', 'Transfer-Encoding': 'chunked', 'Date': 'Tue, 09 Jun 2026 15:38:14 GMT', 'Keep-Alive': 'timeout=60', 'Connection': 'keep-alive'} 
 body={"timestamp":"2026-06-09T15:38:14.4908528","status":401,"erro":"Não autorizado","mensagem":"Credenciais inválidas.","path":"/auth/login","campos":[]} 
 </msg>
<msg time="2026-06-09T12:38:14.536724" level="INFO">${response} = &lt;Response [401]&gt;</msg>
<var>${response}</var>
<arg>biblioteca_api</arg>
<arg>${LOGIN_ENDPOINT}</arg>
<arg>json=${body}</arg>
<arg>headers=${headers}</arg>
<arg>expected_status=401</arg>
<doc>Sends a POST request on a previously created HTTP Session.</doc>
<status status="PASS" start="2026-06-09T12:38:14.194376" elapsed="0.342348"/>
</kw>
<kw name="Dictionary Should Contain Key" owner="Collections">
<msg time="2026-06-09T12:38:14.537641" level="INFO">False</msg>
<arg>${response.json()}</arg>
<arg>mensagem</arg>
<doc>Fails if ``key`` is not found from ``dictionary``.</doc>
<status status="PASS" start="2026-06-09T12:38:14.537641" elapsed="0.000000"/>
</kw>
<kw name="Should Be Equal As Strings" owner="BuiltIn">
<arg>${response.json()}[mensagem]</arg>
<arg>Credenciais inválidas.</arg>
<doc>Fails if objects are unequal after converting them to strings.</doc>
<status status="PASS" start="2026-06-09T12:38:14.537641" elapsed="0.000000"/>
</kw>
<doc>Verifica se a API retorna erro 401 (Unauthorized) quando um usuário não cadastrado tenta fazer login.</doc>
<status status="PASS" start="2026-06-09T12:38:14.193377" elapsed="0.345374"/>
</test>
<test id="s1-s1-t2" name="CT02: Tentar cadastrar um usuario com dados invalidos (senha fraca) deve retornar 400" line="29">
<kw name="Obter Headers Padrao" owner="api_config">
<kw name="Create Dictionary" owner="BuiltIn">
<msg time="2026-06-09T12:38:14.539739" level="INFO">${headers} = {'Content-Type': 'application/json'}</msg>
<var>${headers}</var>
<arg>Content-Type=${CONTENT_TYPE}</arg>
<doc>Creates and returns a dictionary based on the given ``items``.</doc>
<status status="PASS" start="2026-06-09T12:38:14.538751" elapsed="0.000988"/>
</kw>
<return>
<value>${headers}</value>
<status status="PASS" start="2026-06-09T12:38:14.539739" elapsed="0.000000"/>
</return>
<msg time="2026-06-09T12:38:14.539739" level="INFO">${headers} = {'Content-Type': 'application/json'}</msg>
<var>${headers}</var>
<status status="PASS" start="2026-06-09T12:38:14.538751" elapsed="0.000988"/>
</kw>
<kw name="Create Dictionary" owner="BuiltIn">
<msg time="2026-06-09T12:38:14.539739" level="INFO">${body} = {'nomeCompleto': 'Joao Teste', 'email': 'joaoteste@gmail.com', 'telefoneWhatsapp': '85999999999', 'senha': 'fraca'}</msg>
<var>${body}</var>
<arg>nomeCompleto=Joao Teste</arg>
<arg>email=joaoteste@gmail.com</arg>
<arg>telefoneWhatsapp=85999999999</arg>
<arg>senha=fraca</arg>
<doc>Creates and returns a dictionary based on the given ``items``.</doc>
<status status="PASS" start="2026-06-09T12:38:14.539739" elapsed="0.000000"/>
</kw>
<kw name="POST On Session" owner="RequestsLibrary">
<msg time="2026-06-09T12:38:14.565541" level="INFO">POST Request : url=http://localhost:8080/auth/cadastro 
 path_url=/auth/cadastro 
 headers={'User-Agent': 'python-requests/2.34.2', 'Accept-Encoding': 'gzip, deflate', 'Accept': '*/*', 'Connection': 'keep-alive', 'Content-Type': 'application/json', 'Content-Length': '115'} 
 body=b'{"nomeCompleto": "Joao Teste", "email": "joaoteste@gmail.com", "telefoneWhatsapp": "85999999999", "senha": "fraca"}' 
 </msg>
<msg time="2026-06-09T12:38:14.565541" level="INFO">POST Response : url=http://localhost:8080/auth/cadastro 
 status=400, reason= 
 headers={'Vary': 'Origin, Access-Control-Request-Method, Access-Control-Request-Headers', 'X-Content-Type-Options': 'nosniff', 'X-XSS-Protection': '0', 'Cache-Control': 'no-cache, no-store, max-age=0, must-revalidate', 'Pragma': 'no-cache', 'Expires': '0', 'X-Frame-Options': 'DENY', 'Content-Type': 'application/json', 'Transfer-Encoding': 'chunked', 'Date': 'Tue, 09 Jun 2026 15:38:14 GMT', 'Connection': 'close'} 
 body={"timestamp":"2026-06-09T15:38:14.5619176","status":400,"erro":"Dados inválidos","mensagem":"Um ou mais campos estão inválidos.","path":"/auth/cadastro","campos":[{"campo":"senha","mensagem":"A senha deve ter no minimo 8 caracteres, com letra maiuscula, letra minuscula, numero e simbolo."}]} 
 </msg>
<msg time="2026-06-09T12:38:14.565541" level="INFO">${response} = &lt;Response [400]&gt;</msg>
<var>${response}</var>
<arg>biblioteca_api</arg>
<arg>${CADASTRO_ENDPOINT}</arg>
<arg>json=${body}</arg>
<arg>headers=${headers}</arg>
<arg>expected_status=400</arg>
<doc>Sends a POST request on a previously created HTTP Session.</doc>
<status status="PASS" start="2026-06-09T12:38:14.540763" elapsed="0.024778"/>
</kw>
<kw name="Dictionary Should Contain Key" owner="Collections">
<msg time="2026-06-09T12:38:14.566534" level="INFO">False</msg>
<arg>${response.json()}</arg>
<arg>campos</arg>
<doc>Fails if ``key`` is not found from ``dictionary``.</doc>
<status status="PASS" start="2026-06-09T12:38:14.566534" elapsed="0.000000"/>
</kw>
<doc>Verifica as validacoes do DTO do cadastro (senha muito fraca)</doc>
<status status="PASS" start="2026-06-09T12:38:14.538751" elapsed="0.027783"/>
</test>
<test id="s1-s1-t3" name="CT03: Cadastrar um usuario com sucesso deve retornar 201 Created" line="47">
<kw name="Generate Random String" owner="String">
<msg time="2026-06-09T12:38:14.567523" level="INFO">${random_str} = mygzuo</msg>
<var>${random_str}</var>
<arg>6</arg>
<arg>[LOWER]</arg>
<doc>Generates a string with a desired ``length`` from the given ``chars``.</doc>
<status status="PASS" start="2026-06-09T12:38:14.567523" elapsed="0.000000"/>
</kw>
<kw name="Generate Random String" owner="String">
<msg time="2026-06-09T12:38:14.567523" level="INFO">${random_num} = 08716891</msg>
<var>${random_num}</var>
<arg>8</arg>
<arg>[NUMBERS]</arg>
<doc>Generates a string with a desired ``length`` from the given ``chars``.</doc>
<status status="PASS" start="2026-06-09T12:38:14.567523" elapsed="0.000000"/>
</kw>
<kw name="Set Variable" owner="BuiltIn">
<msg time="2026-06-09T12:38:14.567523" level="INFO">${email} = joao_mygzuo@gmail.com</msg>
<var>${email}</var>
<arg>joao_${random_str}@gmail.com</arg>
<doc>Returns the given values which can then be assigned to a variables.</doc>
<status status="PASS" start="2026-06-09T12:38:14.567523" elapsed="0.000000"/>
</kw>
<kw name="Set Variable" owner="BuiltIn">
<msg time="2026-06-09T12:38:14.568549" level="INFO">${telefone} = 85908716891</msg>
<var>${telefone}</var>
<arg>859${random_num}</arg>
<doc>Returns the given values which can then be assigned to a variables.</doc>
<status status="PASS" start="2026-06-09T12:38:14.567523" elapsed="0.001026"/>
</kw>
<kw name="Obter Headers Padrao" owner="api_config">
<kw name="Create Dictionary" owner="BuiltIn">
<msg time="2026-06-09T12:38:14.568549" level="INFO">${headers} = {'Content-Type': 'application/json'}</msg>
<var>${headers}</var>
<arg>Content-Type=${CONTENT_TYPE}</arg>
<doc>Creates and returns a dictionary based on the given ``items``.</doc>
<status status="PASS" start="2026-06-09T12:38:14.568549" elapsed="0.000000"/>
</kw>
<return>
<value>${headers}</value>
<status status="PASS" start="2026-06-09T12:38:14.568549" elapsed="0.000000"/>
</return>
<msg time="2026-06-09T12:38:14.568549" level="INFO">${headers} = {'Content-Type': 'application/json'}</msg>
<var>${headers}</var>
<status status="PASS" start="2026-06-09T12:38:14.568549" elapsed="0.000000"/>
</kw>
<kw name="Create Dictionary" owner="BuiltIn">
<msg time="2026-06-09T12:38:14.569524" level="INFO">${body} = {'nomeCompleto': 'Joao Teste da Silva', 'email': 'joao_mygzuo@gmail.com', 'telefoneWhatsapp': '85908716891', 'senha': 'Teste@123'}</msg>
<var>${body}</var>
<arg>nomeCompleto=Joao Teste da Silva</arg>
<arg>email=${email}</arg>
<arg>telefoneWhatsapp=${telefone}</arg>
<arg>senha=Teste@123</arg>
<doc>Creates and returns a dictionary based on the given ``items``.</doc>
<status status="PASS" start="2026-06-09T12:38:14.568549" elapsed="0.000975"/>
</kw>
<kw name="POST On Session" owner="RequestsLibrary">
<msg time="2026-06-09T12:38:15.547119" level="INFO">POST Request : url=http://localhost:8080/auth/cadastro 
 path_url=/auth/cadastro 
 headers={'User-Agent': 'python-requests/2.34.2', 'Accept-Encoding': 'gzip, deflate', 'Accept': '*/*', 'Connection': 'keep-alive', 'Content-Type': 'application/json', 'Content-Length': '130'} 
 body=b'{"nomeCompleto": "Joao Teste da Silva", "email": "joao_mygzuo@gmail.com", "telefoneWhatsapp": "85908716891", "senha": "Teste@123"}' 
 </msg>
<msg time="2026-06-09T12:38:15.547119" level="INFO">POST Response : url=http://localhost:8080/auth/cadastro 
 status=201, reason= 
 headers={'Vary': 'Origin, Access-Control-Request-Method, Access-Control-Request-Headers', 'X-Content-Type-Options': 'nosniff', 'X-XSS-Protection': '0', 'Cache-Control': 'no-cache, no-store, max-age=0, must-revalidate', 'Pragma': 'no-cache', 'Expires': '0', 'X-Frame-Options': 'DENY', 'Content-Type': 'application/json', 'Content-Length': '176', 'Date': 'Tue, 09 Jun 2026 15:38:15 GMT', 'Keep-Alive': 'timeout=60', 'Connection': 'keep-alive'} 
 body={"id":"6c005817-edf4-46b6-9f33-3f1514285582","nomeCompleto":"Joao Teste da Silva","email":"joao_mygzuo@gmail.com","telefoneWhatsapp":"85908716891","role":"LEITOR","token":null} 
 </msg>
<msg time="2026-06-09T12:38:15.548125" level="INFO">${response} = &lt;Response [201]&gt;</msg>
<var>${response}</var>
<arg>biblioteca_api</arg>
<arg>${CADASTRO_ENDPOINT}</arg>
<arg>json=${body}</arg>
<arg>headers=${headers}</arg>
<arg>expected_status=201</arg>
<doc>Sends a POST request on a previously created HTTP Session.</doc>
<status status="PASS" start="2026-06-09T12:38:14.569524" elapsed="0.978601"/>
</kw>
<kw name="Dictionary Should Contain Key" owner="Collections">
<msg time="2026-06-09T12:38:15.548125" level="INFO">False</msg>
<arg>${response.json()}</arg>
<arg>id</arg>
<doc>Fails if ``key`` is not found from ``dictionary``.</doc>
<status status="PASS" start="2026-06-09T12:38:15.548125" elapsed="0.000000"/>
</kw>
<kw name="Set Global Variable" owner="BuiltIn">
<msg time="2026-06-09T12:38:15.549163" level="INFO">${NOVO_USUARIO_ID} = 6c005817-edf4-46b6-9f33-3f1514285582</msg>
<arg>${NOVO_USUARIO_ID}</arg>
<arg>${response.json()}[id]</arg>
<doc>Makes a variable available globally in all tests and suites.</doc>
<status status="PASS" start="2026-06-09T12:38:15.548125" elapsed="0.001038"/>
</kw>
<kw name="Log" owner="BuiltIn">
<msg time="2026-06-09T12:38:15.549163" level="INFO">Usuário cadastrado com sucesso! ID: 6c005817-edf4-46b6-9f33-3f1514285582</msg>
<arg>Usuário cadastrado com sucesso! ID: ${NOVO_USUARIO_ID}</arg>
<doc>Logs the given message with the given level.</doc>
<status status="PASS" start="2026-06-09T12:38:15.549163" elapsed="0.000000"/>
</kw>
<doc>Verifica se o fluxo feliz de cadastro retorna o Status HTTP 201 e o ID do usuário.</doc>
<status status="PASS" start="2026-06-09T12:38:14.567523" elapsed="0.981640"/>
</test>
<doc>Suite de testes para validar o AuthController (Login e Cadastro)</doc>
<status status="PASS" start="2026-06-09T12:38:14.070578" elapsed="1.479601"/>
</suite>
<suite id="s1-s2" name="Emprestimos Test" source="C:\Users\joaol\Documents\projeto_poo\biblioteca\robot_tests\tests\emprestimos_test.robot">
<kw name="Criar Sessao Biblioteca" owner="api_config" type="SETUP">
<kw name="Create Session" owner="RequestsLibrary">
<msg time="2026-06-09T12:38:15.556048" level="INFO">Creating Session using : alias=biblioteca_api, url=http://localhost:8080, headers={},                     cookies={}, auth=None, timeout=None, proxies=None, verify=True,                     debug=0 </msg>
<arg>biblioteca_api</arg>
<arg>${BASE_URL}</arg>
<arg>verify=True</arg>
<doc>Create Session: create a HTTP session to a server</doc>
<status status="PASS" start="2026-06-09T12:38:15.555062" elapsed="0.000986"/>
</kw>
<status status="PASS" start="2026-06-09T12:38:15.555062" elapsed="0.000986"/>
</kw>
<test id="s1-s2-t1" name="CT01: (LEITOR) Solicitar emprestimo deve retornar 201 e criar com status SOLICITADO" line="13">
<kw name="Gerar Token Admin" owner="keywords">
<kw name="Obter Headers Padrao" owner="api_config">
<kw name="Create Dictionary" owner="BuiltIn">
<msg time="2026-06-09T12:38:15.556048" level="INFO">${headers} = {'Content-Type': 'application/json'}</msg>
<var>${headers}</var>
<arg>Content-Type=${CONTENT_TYPE}</arg>
<doc>Creates and returns a dictionary based on the given ``items``.</doc>
<status status="PASS" start="2026-06-09T12:38:15.556048" elapsed="0.000000"/>
</kw>
<return>
<value>${headers}</value>
<status status="PASS" start="2026-06-09T12:38:15.556048" elapsed="0.000000"/>
</return>
<msg time="2026-06-09T12:38:15.557047" level="INFO">${headers} = {'Content-Type': 'application/json'}</msg>
<var>${headers}</var>
<status status="PASS" start="2026-06-09T12:38:15.556048" elapsed="0.000999"/>
</kw>
<kw name="Create Dictionary" owner="BuiltIn">
<msg time="2026-06-09T12:38:15.557047" level="INFO">${body} = {'identificador': 'admin@biblioteca.com', 'senha': 'Admin@123p'}</msg>
<var>${body}</var>
<arg>identificador=${ADMIN_EMAIL}</arg>
<arg>senha=${ADMIN_PASSWORD}</arg>
<doc>Creates and returns a dictionary based on the given ``items``.</doc>
<status status="PASS" start="2026-06-09T12:38:15.557047" elapsed="0.000000"/>
</kw>
<kw name="POST On Session" owner="RequestsLibrary">
<msg time="2026-06-09T12:38:15.683754" level="INFO">POST Request : url=http://localhost:8080/auth/login 
 path_url=/auth/login 
 headers={'User-Agent': 'python-requests/2.34.2', 'Accept-Encoding': 'gzip, deflate', 'Accept': '*/*', 'Connection': 'keep-alive', 'Content-Type': 'application/json', 'Content-Length': '64'} 
 body=b'{"identificador": "admin@biblioteca.com", "senha": "Admin@123p"}' 
 </msg>
<msg time="2026-06-09T12:38:15.683754" level="INFO">POST Response : url=http://localhost:8080/auth/login 
 status=200, reason= 
 headers={'Vary': 'Origin, Access-Control-Request-Method, Access-Control-Request-Headers', 'X-Content-Type-Options': 'nosniff', 'X-XSS-Protection': '0', 'Cache-Control': 'no-cache, no-store, max-age=0, must-revalidate', 'Pragma': 'no-cache', 'Expires': '0', 'X-Frame-Options': 'DENY', 'Content-Type': 'application/json', 'Content-Length': '316', 'Date': 'Tue, 09 Jun 2026 15:38:15 GMT', 'Keep-Alive': 'timeout=60', 'Connection': 'keep-alive'} 
 body={"id":"ec4b8f7c-11f4-4cb9-826c-052a289d1fa7","nomeCompleto":"Administrador Inicial","email":"admin@biblioteca.com","telefoneWhatsapp":null,"role":"ADMIN","token":"eyJhbGciOiJIUzI1NiJ9.eyJzdWIiOiJhZG1pbkBiaWJsaW90ZWNhLmNvbSIsImlhdCI6MTc4MTAxOTQ5NSwiZXhwIjoxNzgxMTA1ODk1fQ.F72MvFCF9QQGQxuoFtz5h12OX-AXh9zt7AZYmjsfpY0"} 
 </msg>
<msg time="2026-06-09T12:38:15.683754" level="INFO">${response} = &lt;Response [200]&gt;</msg>
<var>${response}</var>
<arg>biblioteca_api</arg>
<arg>/auth/login</arg>
<arg>json=${body}</arg>
<arg>headers=${headers}</arg>
<arg>expected_status=200</arg>
<doc>Sends a POST request on a previously created HTTP Session.</doc>
<status status="PASS" start="2026-06-09T12:38:15.557047" elapsed="0.126707"/>
</kw>
<kw name="Set Variable" owner="BuiltIn">
<msg time="2026-06-09T12:38:15.683754" level="INFO">${token} = eyJhbGciOiJIUzI1NiJ9.eyJzdWIiOiJhZG1pbkBiaWJsaW90ZWNhLmNvbSIsImlhdCI6MTc4MTAxOTQ5NSwiZXhwIjoxNzgxMTA1ODk1fQ.F72MvFCF9QQGQxuoFtz5h12OX-AXh9zt7AZYmjsfpY0</msg>
<var>${token}</var>
<arg>${response.json()}[token]</arg>
<doc>Returns the given values which can then be assigned to a variables.</doc>
<status status="PASS" start="2026-06-09T12:38:15.683754" elapsed="0.000000"/>
</kw>
<return>
<value>${token}</value>
<status status="PASS" start="2026-06-09T12:38:15.683754" elapsed="0.000000"/>
</return>
<msg time="2026-06-09T12:38:15.683754" level="INFO">${token_admin} = eyJhbGciOiJIUzI1NiJ9.eyJzdWIiOiJhZG1pbkBiaWJsaW90ZWNhLmNvbSIsImlhdCI6MTc4MTAxOTQ5NSwiZXhwIjoxNzgxMTA1ODk1fQ.F72MvFCF9QQGQxuoFtz5h12OX-AXh9zt7AZYmjsfpY0</msg>
<var>${token_admin}</var>
<doc>Faz login com a conta de administrador (criada pelo ambiente) e retorna o token JWT</doc>
<status status="PASS" start="2026-06-09T12:38:15.556048" elapsed="0.127706"/>
</kw>
<kw name="Obter Headers Padrao" owner="api_config">
<kw name="Create Dictionary" owner="BuiltIn">
<msg time="2026-06-09T12:38:15.684792" level="INFO">${headers} = {'Content-Type': 'application/json'}</msg>
<var>${headers}</var>
<arg>Content-Type=${CONTENT_TYPE}</arg>
<doc>Creates and returns a dictionary based on the given ``items``.</doc>
<status status="PASS" start="2026-06-09T12:38:15.684792" elapsed="0.000000"/>
</kw>
<return>
<value>${headers}</value>
<status status="PASS" start="2026-06-09T12:38:15.684792" elapsed="0.000000"/>
</return>
<msg time="2026-06-09T12:38:15.684792" level="INFO">${headers_admin} = {'Content-Type': 'application/json'}</msg>
<var>${headers_admin}</var>
<status status="PASS" start="2026-06-09T12:38:15.684792" elapsed="0.000000"/>
</kw>
<kw name="Set To Dictionary" owner="Collections">
<arg>${headers_admin}</arg>
<arg>Authorization</arg>
<arg>Bearer ${token_admin}</arg>
<doc>Adds the given ``key_value_pairs`` and/or ``items`` to the ``dictionary``.</doc>
<status status="PASS" start="2026-06-09T12:38:15.684792" elapsed="0.000000"/>
</kw>
<kw name="Create List" owner="BuiltIn">
<msg time="2026-06-09T12:38:15.685760" level="INFO">${lista_vazia} = []</msg>
<var>${lista_vazia}</var>
<doc>Returns a list containing given items.</doc>
<status status="PASS" start="2026-06-09T12:38:15.685760" elapsed="0.000000"/>
</kw>
<kw name="Generate Random String" owner="String">
<msg time="2026-06-09T12:38:15.685760" level="INFO">${random_str} = SDJX</msg>
<var>${random_str}</var>
<arg>4</arg>
<arg>[UPPER]</arg>
<doc>Generates a string with a desired ``length`` from the given ``chars``.</doc>
<status status="PASS" start="2026-06-09T12:38:15.685760" elapsed="0.000000"/>
</kw>
<kw name="Create Dictionary" owner="BuiltIn">
<msg time="2026-06-09T12:38:15.685760" level="INFO">${body_livro} = {'nomeObra': 'Livro Emprestimo SDJX', 'autor': 'Autor Ficticio', 'editora': 'Editora Robot', 'volume': '1', 'descricao': 'Livro de Teste', 'categoriasIds': [], 'quantidade': '1', 'fotoCapaUrl': 'https...</msg>
<var>${body_livro}</var>
<arg>nomeObra=Livro Emprestimo ${random_str}</arg>
<arg>autor=Autor Ficticio</arg>
<arg>editora=Editora Robot</arg>
<arg>volume=1</arg>
<arg>descricao=Livro de Teste</arg>
<arg>categoriasIds=${lista_vazia}</arg>
<arg>quantidade=1</arg>
<arg>fotoCapaUrl=https://res.cloudinary.com/teste/image.webp</arg>
<doc>Creates and returns a dictionary based on the given ``items``.</doc>
<status status="PASS" start="2026-06-09T12:38:15.685760" elapsed="0.000000"/>
</kw>
<kw name="POST On Session" owner="RequestsLibrary">
<msg time="2026-06-09T12:38:15.772824" level="INFO">POST Request : url=http://localhost:8080/livros 
 path_url=/livros 
 headers={'User-Agent': 'python-requests/2.34.2', 'Accept-Encoding': 'gzip, deflate', 'Accept': '*/*', 'Connection': 'keep-alive', 'Content-Type': 'application/json', 'Authorization': 'Bearer eyJhbGciOiJIUzI1NiJ9.eyJzdWIiOiJhZG1pbkBiaWJsaW90ZWNhLmNvbSIsImlhdCI6MTc4MTAxOTQ5NSwiZXhwIjoxNzgxMTA1ODk1fQ.F72MvFCF9QQGQxuoFtz5h12OX-AXh9zt7AZYmjsfpY0', 'Content-Length': '240'} 
 body=b'{"nomeObra": "Livro Emprestimo SDJX", "autor": "Autor Ficticio", "editora": "Editora Robot", "volume": "1", "descricao": "Livro de Teste", "categoriasIds": [], "quantidade": "1", "fotoCapaUrl": "https://res.cloudinary.com/teste/image.webp"}' 
 </msg>
<msg time="2026-06-09T12:38:15.772824" level="INFO">POST Response : url=http://localhost:8080/livros 
 status=201, reason= 
 headers={'Vary': 'Origin, Access-Control-Request-Method, Access-Control-Request-Headers', 'X-Content-Type-Options': 'nosniff', 'X-XSS-Protection': '0', 'Cache-Control': 'no-cache, no-store, max-age=0, must-revalidate', 'Pragma': 'no-cache', 'Expires': '0', 'X-Frame-Options': 'DENY', 'Content-Type': 'application/json', 'Content-Length': '433', 'Date': 'Tue, 09 Jun 2026 15:38:15 GMT', 'Keep-Alive': 'timeout=60', 'Connection': 'keep-alive'} 
 body={"id":"3551b789-e9bc-4fc4-bf27-dfa89db892b5","nomeObra":"Livro Emprestimo SDJX","autor":"Autor Ficticio","editora":"Editora Robot","volume":"1","descricao":"Livro de Teste","categorias":[],"quantidade":1,"fotoCapaUrl":"https://res.cloudinary.com/teste/image.webp","oculto":false,"motivoOcultacao":null,"criadoPorId":"ec4b8f7c-11f4-4cb9-826c-052a289d1fa7","editadoPorId":null,"criadoEm":"2026-06-09T15:38:15.7544051","editadoEm":null} 
 </msg>
<msg time="2026-06-09T12:38:15.772824" level="INFO">${res_livro} = &lt;Response [201]&gt;</msg>
<var>${res_livro}</var>
<arg>biblioteca_api</arg>
<arg>/livros</arg>
<arg>json=${body_livro}</arg>
<arg>headers=${headers_admin}</arg>
<arg>expected_status=201</arg>
<doc>Sends a POST request on a previously created HTTP Session.</doc>
<status status="PASS" start="2026-06-09T12:38:15.685760" elapsed="0.087064"/>
</kw>
<kw name="Set Variable" owner="BuiltIn">
<msg time="2026-06-09T12:38:15.773852" level="INFO">${livro_id} = 3551b789-e9bc-4fc4-bf27-dfa89db892b5</msg>
<var>${livro_id}</var>
<arg>${res_livro.json()}[id]</arg>
<doc>Returns the given values which can then be assigned to a variables.</doc>
<status status="PASS" start="2026-06-09T12:38:15.773852" elapsed="0.000000"/>
</kw>
<kw name="Gerar Token Leitor" owner="keywords">
<kw name="Obter Headers Padrao" owner="api_config">
<kw name="Create Dictionary" owner="BuiltIn">
<msg time="2026-06-09T12:38:15.774846" level="INFO">${headers} = {'Content-Type': 'application/json'}</msg>
<var>${headers}</var>
<arg>Content-Type=${CONTENT_TYPE}</arg>
<doc>Creates and returns a dictionary based on the given ``items``.</doc>
<status status="PASS" start="2026-06-09T12:38:15.774846" elapsed="0.000000"/>
</kw>
<return>
<value>${headers}</value>
<status status="PASS" start="2026-06-09T12:38:15.774846" elapsed="0.000000"/>
</return>
<msg time="2026-06-09T12:38:15.774846" level="INFO">${headers} = {'Content-Type': 'application/json'}</msg>
<var>${headers}</var>
<status status="PASS" start="2026-06-09T12:38:15.774846" elapsed="0.000000"/>
</kw>
<kw name="Create Dictionary" owner="BuiltIn">
<msg time="2026-06-09T12:38:15.774846" level="INFO">${body} = {'identificador': 'leitor@biblioteca.com', 'senha': 'Leitor@123'}</msg>
<var>${body}</var>
<arg>identificador=${LEITOR_EMAIL}</arg>
<arg>senha=${LEITOR_PASSWORD}</arg>
<doc>Creates and returns a dictionary based on the given ``items``.</doc>
<status status="PASS" start="2026-06-09T12:38:15.774846" elapsed="0.000000"/>
</kw>
<kw name="POST On Session" owner="RequestsLibrary">
<msg time="2026-06-09T12:38:15.846756" level="INFO">POST Request : url=http://localhost:8080/auth/login 
 path_url=/auth/login 
 headers={'User-Agent': 'python-requests/2.34.2', 'Accept-Encoding': 'gzip, deflate', 'Accept': '*/*', 'Connection': 'keep-alive', 'Content-Type': 'application/json', 'Content-Length': '65'} 
 body=b'{"identificador": "leitor@biblioteca.com", "senha": "Leitor@123"}' 
 </msg>
<msg time="2026-06-09T12:38:15.846756" level="INFO">POST Response : url=http://localhost:8080/auth/login 
 status=200, reason= 
 headers={'Vary': 'Origin, Access-Control-Request-Method, Access-Control-Request-Headers', 'X-Content-Type-Options': 'nosniff', 'X-XSS-Protection': '0', 'Cache-Control': 'no-cache, no-store, max-age=0, must-revalidate', 'Pragma': 'no-cache', 'Expires': '0', 'X-Frame-Options': 'DENY', 'Content-Type': 'application/json', 'Content-Length': '323', 'Date': 'Tue, 09 Jun 2026 15:38:15 GMT', 'Keep-Alive': 'timeout=60', 'Connection': 'keep-alive'} 
 body={"id":"7c08c35d-c89f-40dc-92d9-04673be42533","nomeCompleto":"Leitor de Testes","email":"leitor@biblioteca.com","telefoneWhatsapp":"85900000000","role":"LEITOR","token":"eyJhbGciOiJIUzI1NiJ9.eyJzdWIiOiJsZWl0b3JAYmlibGlvdGVjYS5jb20iLCJpYXQiOjE3ODEwMTk0OTUsImV4cCI6MTc4MTEwNTg5NX0.Gmu5VJ5zoyTaFsPSygqJJ2ajJB0c9Fk5j4I2JAo4Yt8"} 
 </msg>
<msg time="2026-06-09T12:38:15.846756" level="INFO">${response} = &lt;Response [200]&gt;</msg>
<var>${response}</var>
<arg>biblioteca_api</arg>
<arg>/auth/login</arg>
<arg>json=${body}</arg>
<arg>headers=${headers}</arg>
<arg>expected_status=200</arg>
<doc>Sends a POST request on a previously created HTTP Session.</doc>
<status status="PASS" start="2026-06-09T12:38:15.774846" elapsed="0.071910"/>
</kw>
<kw name="Set Variable" owner="BuiltIn">
<msg time="2026-06-09T12:38:15.847288" level="INFO">${token} = eyJhbGciOiJIUzI1NiJ9.eyJzdWIiOiJsZWl0b3JAYmlibGlvdGVjYS5jb20iLCJpYXQiOjE3ODEwMTk0OTUsImV4cCI6MTc4MTEwNTg5NX0.Gmu5VJ5zoyTaFsPSygqJJ2ajJB0c9Fk5j4I2JAo4Yt8</msg>
<var>${token}</var>
<arg>${response.json()}[token]</arg>
<doc>Returns the given values which can then be assigned to a variables.</doc>
<status status="PASS" start="2026-06-09T12:38:15.846756" elapsed="0.000532"/>
</kw>
<return>
<value>${token}</value>
<status status="PASS" start="2026-06-09T12:38:15.847288" elapsed="0.000000"/>
</return>
<msg time="2026-06-09T12:38:15.847288" level="INFO">${token_leitor} = eyJhbGciOiJIUzI1NiJ9.eyJzdWIiOiJsZWl0b3JAYmlibGlvdGVjYS5jb20iLCJpYXQiOjE3ODEwMTk0OTUsImV4cCI6MTc4MTEwNTg5NX0.Gmu5VJ5zoyTaFsPSygqJJ2ajJB0c9Fk5j4I2JAo4Yt8</msg>
<var>${token_leitor}</var>
<doc>Faz login com a conta de leitor de testes (criada pelo DatabaseSeeder) e retorna o token JWT</doc>
<status status="PASS" start="2026-06-09T12:38:15.773852" elapsed="0.073436"/>
</kw>
<kw name="Obter Headers Padrao" owner="api_config">
<kw name="Create Dictionary" owner="BuiltIn">
<msg time="2026-06-09T12:38:15.848296" level="INFO">${headers} = {'Content-Type': 'application/json'}</msg>
<var>${headers}</var>
<arg>Content-Type=${CONTENT_TYPE}</arg>
<doc>Creates and returns a dictionary based on the given ``items``.</doc>
<status status="PASS" start="2026-06-09T12:38:15.847288" elapsed="0.001008"/>
</kw>
<return>
<value>${headers}</value>
<status status="PASS" start="2026-06-09T12:38:15.848296" elapsed="0.000000"/>
</return>
<msg time="2026-06-09T12:38:15.848296" level="INFO">${headers_leitor} = {'Content-Type': 'application/json'}</msg>
<var>${headers_leitor}</var>
<status status="PASS" start="2026-06-09T12:38:15.847288" elapsed="0.001008"/>
</kw>
<kw name="Set To Dictionary" owner="Collections">
<arg>${headers_leitor}</arg>
<arg>Authorization</arg>
<arg>Bearer ${token_leitor}</arg>
<doc>Adds the given ``key_value_pairs`` and/or ``items`` to the ``dictionary``.</doc>
<status status="PASS" start="2026-06-09T12:38:15.848296" elapsed="0.000000"/>
</kw>
<kw name="Create Dictionary" owner="BuiltIn">
<msg time="2026-06-09T12:38:15.848887" level="INFO">${body_req} = {'livroId': '3551b789-e9bc-4fc4-bf27-dfa89db892b5'}</msg>
<var>${body_req}</var>
<arg>livroId=${livro_id}</arg>
<doc>Creates and returns a dictionary based on the given ``items``.</doc>
<status status="PASS" start="2026-06-09T12:38:15.848887" elapsed="0.000000"/>
</kw>
<kw name="POST On Session" owner="RequestsLibrary">
<msg time="2026-06-09T12:38:15.896796" level="INFO">POST Request : url=http://localhost:8080/emprestimos/solicitar 
 path_url=/emprestimos/solicitar 
 headers={'User-Agent': 'python-requests/2.34.2', 'Accept-Encoding': 'gzip, deflate', 'Accept': '*/*', 'Connection': 'keep-alive', 'Content-Type': 'application/json', 'Authorization': 'Bearer eyJhbGciOiJIUzI1NiJ9.eyJzdWIiOiJsZWl0b3JAYmlibGlvdGVjYS5jb20iLCJpYXQiOjE3ODEwMTk0OTUsImV4cCI6MTc4MTEwNTg5NX0.Gmu5VJ5zoyTaFsPSygqJJ2ajJB0c9Fk5j4I2JAo4Yt8', 'Content-Length': '51'} 
 body=b'{"livroId": "3551b789-e9bc-4fc4-bf27-dfa89db892b5"}' 
 </msg>
<msg time="2026-06-09T12:38:15.896796" level="INFO">POST Response : url=http://localhost:8080/emprestimos/solicitar 
 status=201, reason= 
 headers={'Vary': 'Origin, Access-Control-Request-Method, Access-Control-Request-Headers', 'X-Content-Type-Options': 'nosniff', 'X-XSS-Protection': '0', 'Cache-Control': 'no-cache, no-store, max-age=0, must-revalidate', 'Pragma': 'no-cache', 'Expires': '0', 'X-Frame-Options': 'DENY', 'Content-Type': 'application/json', 'Content-Length': '377', 'Date': 'Tue, 09 Jun 2026 15:38:15 GMT', 'Keep-Alive': 'timeout=60', 'Connection': 'keep-alive'} 
 body={"id":"b4e2cbb1-b629-4a00-ab1a-5c34df4a3406","livroId":"3551b789-e9bc-4fc4-bf27-dfa89db892b5","nomeObra":"Livro Emprestimo SDJX","leitorId":"7c08c35d-c89f-40dc-92d9-04673be42533","nomeLeitor":"Leitor de Testes","dataPedido":"2026-06-09T15:38:15.8876448","dataEmprestimo":null,"dataDevolucaoPrevista":null,"dataDevolucaoReal":null,"quantidadeRenovacoes":0,"status":"SOLICITADO"} 
 </msg>
<msg time="2026-06-09T12:38:15.896796" level="INFO">${res_emprestimo} = &lt;Response [201]&gt;</msg>
<var>${res_emprestimo}</var>
<arg>biblioteca_api</arg>
<arg>${EMPRESTIMOS_ENDPOINT}/solicitar</arg>
<arg>json=${body_req}</arg>
<arg>headers=${headers_leitor}</arg>
<arg>expected_status=201</arg>
<doc>Sends a POST request on a previously created HTTP Session.</doc>
<status status="PASS" start="2026-06-09T12:38:15.848887" elapsed="0.047909"/>
</kw>
<kw name="Dictionary Should Contain Key" owner="Collections">
<msg time="2026-06-09T12:38:15.896796" level="INFO">False</msg>
<arg>${res_emprestimo.json()}</arg>
<arg>id</arg>
<doc>Fails if ``key`` is not found from ``dictionary``.</doc>
<status status="PASS" start="2026-06-09T12:38:15.896796" elapsed="0.000000"/>
</kw>
<kw name="Should Be Equal As Strings" owner="BuiltIn">
<arg>${res_emprestimo.json()}[status]</arg>
<arg>SOLICITADO</arg>
<doc>Fails if objects are unequal after converting them to strings.</doc>
<status status="PASS" start="2026-06-09T12:38:15.896796" elapsed="0.001844"/>
</kw>
<kw name="Set Global Variable" owner="BuiltIn">
<msg time="2026-06-09T12:38:15.898640" level="INFO">${EMPRESTIMO_ID} = b4e2cbb1-b629-4a00-ab1a-5c34df4a3406</msg>
<arg>${EMPRESTIMO_ID}</arg>
<arg>${res_emprestimo.json()}[id]</arg>
<doc>Makes a variable available globally in all tests and suites.</doc>
<status status="PASS" start="2026-06-09T12:38:15.898640" elapsed="0.000000"/>
</kw>
<doc>Testa a criação do empréstimo validando a regra do estoque e status</doc>
<status status="PASS" start="2026-06-09T12:38:15.556048" elapsed="0.342592"/>
</test>
<test id="s1-s2-t2" name="CT02: (ADMIN) Emprestar livro deve retornar 200, diminuir quantidade e mudar status para EMPRESTADO" line="38">
<kw name="Gerar Token Admin" owner="keywords">
<kw name="Obter Headers Padrao" owner="api_config">
<kw name="Create Dictionary" owner="BuiltIn">
<msg time="2026-06-09T12:38:15.900162" level="INFO">${headers} = {'Content-Type': 'application/json'}</msg>
<var>${headers}</var>
<arg>Content-Type=${CONTENT_TYPE}</arg>
<doc>Creates and returns a dictionary based on the given ``items``.</doc>
<status status="PASS" start="2026-06-09T12:38:15.900162" elapsed="0.000000"/>
</kw>
<return>
<value>${headers}</value>
<status status="PASS" start="2026-06-09T12:38:15.900162" elapsed="0.000000"/>
</return>
<msg time="2026-06-09T12:38:15.900162" level="INFO">${headers} = {'Content-Type': 'application/json'}</msg>
<var>${headers}</var>
<status status="PASS" start="2026-06-09T12:38:15.900162" elapsed="0.000000"/>
</kw>
<kw name="Create Dictionary" owner="BuiltIn">
<msg time="2026-06-09T12:38:15.900162" level="INFO">${body} = {'identificador': 'admin@biblioteca.com', 'senha': 'Admin@123p'}</msg>
<var>${body}</var>
<arg>identificador=${ADMIN_EMAIL}</arg>
<arg>senha=${ADMIN_PASSWORD}</arg>
<doc>Creates and returns a dictionary based on the given ``items``.</doc>
<status status="PASS" start="2026-06-09T12:38:15.900162" elapsed="0.000000"/>
</kw>
<kw name="POST On Session" owner="RequestsLibrary">
<msg time="2026-06-09T12:38:15.972482" level="INFO">POST Request : url=http://localhost:8080/auth/login 
 path_url=/auth/login 
 headers={'User-Agent': 'python-requests/2.34.2', 'Accept-Encoding': 'gzip, deflate', 'Accept': '*/*', 'Connection': 'keep-alive', 'Content-Type': 'application/json', 'Content-Length': '64'} 
 body=b'{"identificador": "admin@biblioteca.com", "senha": "Admin@123p"}' 
 </msg>
<msg time="2026-06-09T12:38:15.972482" level="INFO">POST Response : url=http://localhost:8080/auth/login 
 status=200, reason= 
 headers={'Vary': 'Origin, Access-Control-Request-Method, Access-Control-Request-Headers', 'X-Content-Type-Options': 'nosniff', 'X-XSS-Protection': '0', 'Cache-Control': 'no-cache, no-store, max-age=0, must-revalidate', 'Pragma': 'no-cache', 'Expires': '0', 'X-Frame-Options': 'DENY', 'Content-Type': 'application/json', 'Content-Length': '316', 'Date': 'Tue, 09 Jun 2026 15:38:15 GMT', 'Keep-Alive': 'timeout=60', 'Connection': 'keep-alive'} 
 body={"id":"ec4b8f7c-11f4-4cb9-826c-052a289d1fa7","nomeCompleto":"Administrador Inicial","email":"admin@biblioteca.com","telefoneWhatsapp":null,"role":"ADMIN","token":"eyJhbGciOiJIUzI1NiJ9.eyJzdWIiOiJhZG1pbkBiaWJsaW90ZWNhLmNvbSIsImlhdCI6MTc4MTAxOTQ5NSwiZXhwIjoxNzgxMTA1ODk1fQ.F72MvFCF9QQGQxuoFtz5h12OX-AXh9zt7AZYmjsfpY0"} 
 </msg>
<msg time="2026-06-09T12:38:15.972482" level="INFO">${response} = &lt;Response [200]&gt;</msg>
<var>${response}</var>
<arg>biblioteca_api</arg>
<arg>/auth/login</arg>
<arg>json=${body}</arg>
<arg>headers=${headers}</arg>
<arg>expected_status=200</arg>
<doc>Sends a POST request on a previously created HTTP Session.</doc>
<status status="PASS" start="2026-06-09T12:38:15.900162" elapsed="0.072320"/>
</kw>
<kw name="Set Variable" owner="BuiltIn">
<msg time="2026-06-09T12:38:15.973482" level="INFO">${token} = eyJhbGciOiJIUzI1NiJ9.eyJzdWIiOiJhZG1pbkBiaWJsaW90ZWNhLmNvbSIsImlhdCI6MTc4MTAxOTQ5NSwiZXhwIjoxNzgxMTA1ODk1fQ.F72MvFCF9QQGQxuoFtz5h12OX-AXh9zt7AZYmjsfpY0</msg>
<var>${token}</var>
<arg>${response.json()}[token]</arg>
<doc>Returns the given values which can then be assigned to a variables.</doc>
<status status="PASS" start="2026-06-09T12:38:15.972482" elapsed="0.001000"/>
</kw>
<return>
<value>${token}</value>
<status status="PASS" start="2026-06-09T12:38:15.973482" elapsed="0.000000"/>
</return>
<msg time="2026-06-09T12:38:15.973482" level="INFO">${token_admin} = eyJhbGciOiJIUzI1NiJ9.eyJzdWIiOiJhZG1pbkBiaWJsaW90ZWNhLmNvbSIsImlhdCI6MTc4MTAxOTQ5NSwiZXhwIjoxNzgxMTA1ODk1fQ.F72MvFCF9QQGQxuoFtz5h12OX-AXh9zt7AZYmjsfpY0</msg>
<var>${token_admin}</var>
<doc>Faz login com a conta de administrador (criada pelo ambiente) e retorna o token JWT</doc>
<status status="PASS" start="2026-06-09T12:38:15.898640" elapsed="0.074842"/>
</kw>
<kw name="Obter Headers Padrao" owner="api_config">
<kw name="Create Dictionary" owner="BuiltIn">
<msg time="2026-06-09T12:38:15.974481" level="INFO">${headers} = {'Content-Type': 'application/json'}</msg>
<var>${headers}</var>
<arg>Content-Type=${CONTENT_TYPE}</arg>
<doc>Creates and returns a dictionary based on the given ``items``.</doc>
<status status="PASS" start="2026-06-09T12:38:15.973482" elapsed="0.000999"/>
</kw>
<return>
<value>${headers}</value>
<status status="PASS" start="2026-06-09T12:38:15.974481" elapsed="0.000000"/>
</return>
<msg time="2026-06-09T12:38:15.974481" level="INFO">${headers_admin} = {'Content-Type': 'application/json'}</msg>
<var>${headers_admin}</var>
<status status="PASS" start="2026-06-09T12:38:15.973482" elapsed="0.000999"/>
</kw>
<kw name="Set To Dictionary" owner="Collections">
<arg>${headers_admin}</arg>
<arg>Authorization</arg>
<arg>Bearer ${token_admin}</arg>
<doc>Adds the given ``key_value_pairs`` and/or ``items`` to the ``dictionary``.</doc>
<status status="PASS" start="2026-06-09T12:38:15.974481" elapsed="0.000000"/>
</kw>
<kw name="POST On Session" owner="RequestsLibrary">
<msg time="2026-06-09T12:38:16.011269" level="INFO">POST Request : url=http://localhost:8080/emprestimos/b4e2cbb1-b629-4a00-ab1a-5c34df4a3406/emprestar 
 path_url=/emprestimos/b4e2cbb1-b629-4a00-ab1a-5c34df4a3406/emprestar 
 headers={'User-Agent': 'python-requests/2.34.2', 'Accept-Encoding': 'gzip, deflate', 'Accept': '*/*', 'Connection': 'keep-alive', 'Content-Type': 'application/json', 'Authorization': 'Bearer eyJhbGciOiJIUzI1NiJ9.eyJzdWIiOiJhZG1pbkBiaWJsaW90ZWNhLmNvbSIsImlhdCI6MTc4MTAxOTQ5NSwiZXhwIjoxNzgxMTA1ODk1fQ.F72MvFCF9QQGQxuoFtz5h12OX-AXh9zt7AZYmjsfpY0', 'Content-Length': '0'} 
 body=None 
 </msg>
<msg time="2026-06-09T12:38:16.011269" level="INFO">POST Response : url=http://localhost:8080/emprestimos/b4e2cbb1-b629-4a00-ab1a-5c34df4a3406/emprestar 
 status=200, reason= 
 headers={'Vary': 'Origin, Access-Control-Request-Method, Access-Control-Request-Headers', 'X-Content-Type-Options': 'nosniff', 'X-XSS-Protection': '0', 'Cache-Control': 'no-cache, no-store, max-age=0, must-revalidate', 'Pragma': 'no-cache', 'Expires': '0', 'X-Frame-Options': 'DENY', 'Content-Type': 'application/json', 'Content-Length': '392', 'Date': 'Tue, 09 Jun 2026 15:38:16 GMT', 'Keep-Alive': 'timeout=60', 'Connection': 'keep-alive'} 
 body={"id":"b4e2cbb1-b629-4a00-ab1a-5c34df4a3406","livroId":"3551b789-e9bc-4fc4-bf27-dfa89db892b5","nomeObra":"Livro Emprestimo SDJX","leitorId":"7c08c35d-c89f-40dc-92d9-04673be42533","nomeLeitor":"Leitor de Testes","dataPedido":"2026-06-09T15:38:15.887645","dataEmprestimo":"2026-06-09","dataDevolucaoPrevista":"2026-06-24","dataDevolucaoReal":null,"quantidadeRenovacoes":0,"status":"EMPRESTADO"} 
 </msg>
<msg time="2026-06-09T12:38:16.011269" level="INFO">${res_emprestar} = &lt;Response [200]&gt;</msg>
<var>${res_emprestar}</var>
<arg>biblioteca_api</arg>
<arg>${EMPRESTIMOS_ENDPOINT}/${EMPRESTIMO_ID}/emprestar</arg>
<arg>headers=${headers_admin}</arg>
<arg>expected_status=200</arg>
<doc>Sends a POST request on a previously created HTTP Session.</doc>
<status status="PASS" start="2026-06-09T12:38:15.974481" elapsed="0.036788"/>
</kw>
<kw name="Should Be Equal As Strings" owner="BuiltIn">
<arg>${res_emprestar.json()}[status]</arg>
<arg>EMPRESTADO</arg>
<doc>Fails if objects are unequal after converting them to strings.</doc>
<status status="PASS" start="2026-06-09T12:38:16.011269" elapsed="0.000000"/>
</kw>
<doc>Testa a aprovação do empréstimo</doc>
<status status="PASS" start="2026-06-09T12:38:15.898640" elapsed="0.112629"/>
</test>
<test id="s1-s2-t3" name="CT03: (LEITOR/ADMIN) Renovar livro deve aumentar a data de devolucao" line="47">
<kw name="Gerar Token Leitor" owner="keywords">
<kw name="Obter Headers Padrao" owner="api_config">
<kw name="Create Dictionary" owner="BuiltIn">
<msg time="2026-06-09T12:38:16.012774" level="INFO">${headers} = {'Content-Type': 'application/json'}</msg>
<var>${headers}</var>
<arg>Content-Type=${CONTENT_TYPE}</arg>
<doc>Creates and returns a dictionary based on the given ``items``.</doc>
<status status="PASS" start="2026-06-09T12:38:16.012774" elapsed="0.000000"/>
</kw>
<return>
<value>${headers}</value>
<status status="PASS" start="2026-06-09T12:38:16.012774" elapsed="0.000000"/>
</return>
<msg time="2026-06-09T12:38:16.012774" level="INFO">${headers} = {'Content-Type': 'application/json'}</msg>
<var>${headers}</var>
<status status="PASS" start="2026-06-09T12:38:16.012774" elapsed="0.000000"/>
</kw>
<kw name="Create Dictionary" owner="BuiltIn">
<msg time="2026-06-09T12:38:16.012774" level="INFO">${body} = {'identificador': 'leitor@biblioteca.com', 'senha': 'Leitor@123'}</msg>
<var>${body}</var>
<arg>identificador=${LEITOR_EMAIL}</arg>
<arg>senha=${LEITOR_PASSWORD}</arg>
<doc>Creates and returns a dictionary based on the given ``items``.</doc>
<status status="PASS" start="2026-06-09T12:38:16.012774" elapsed="0.000000"/>
</kw>
<kw name="POST On Session" owner="RequestsLibrary">
<msg time="2026-06-09T12:38:16.084428" level="INFO">POST Request : url=http://localhost:8080/auth/login 
 path_url=/auth/login 
 headers={'User-Agent': 'python-requests/2.34.2', 'Accept-Encoding': 'gzip, deflate', 'Accept': '*/*', 'Connection': 'keep-alive', 'Content-Type': 'application/json', 'Content-Length': '65'} 
 body=b'{"identificador": "leitor@biblioteca.com", "senha": "Leitor@123"}' 
 </msg>
<msg time="2026-06-09T12:38:16.084428" level="INFO">POST Response : url=http://localhost:8080/auth/login 
 status=200, reason= 
 headers={'Vary': 'Origin, Access-Control-Request-Method, Access-Control-Request-Headers', 'X-Content-Type-Options': 'nosniff', 'X-XSS-Protection': '0', 'Cache-Control': 'no-cache, no-store, max-age=0, must-revalidate', 'Pragma': 'no-cache', 'Expires': '0', 'X-Frame-Options': 'DENY', 'Content-Type': 'application/json', 'Content-Length': '323', 'Date': 'Tue, 09 Jun 2026 15:38:16 GMT', 'Keep-Alive': 'timeout=60', 'Connection': 'keep-alive'} 
 body={"id":"7c08c35d-c89f-40dc-92d9-04673be42533","nomeCompleto":"Leitor de Testes","email":"leitor@biblioteca.com","telefoneWhatsapp":"85900000000","role":"LEITOR","token":"eyJhbGciOiJIUzI1NiJ9.eyJzdWIiOiJsZWl0b3JAYmlibGlvdGVjYS5jb20iLCJpYXQiOjE3ODEwMTk0OTYsImV4cCI6MTc4MTEwNTg5Nn0.jRQRWCrbp3QnxIPHQ7Vb--dx3s4ysm_Y4v93i0nEvCs"} 
 </msg>
<msg time="2026-06-09T12:38:16.084934" level="INFO">${response} = &lt;Response [200]&gt;</msg>
<var>${response}</var>
<arg>biblioteca_api</arg>
<arg>/auth/login</arg>
<arg>json=${body}</arg>
<arg>headers=${headers}</arg>
<arg>expected_status=200</arg>
<doc>Sends a POST request on a previously created HTTP Session.</doc>
<status status="PASS" start="2026-06-09T12:38:16.012774" elapsed="0.072160"/>
</kw>
<kw name="Set Variable" owner="BuiltIn">
<msg time="2026-06-09T12:38:16.084934" level="INFO">${token} = eyJhbGciOiJIUzI1NiJ9.eyJzdWIiOiJsZWl0b3JAYmlibGlvdGVjYS5jb20iLCJpYXQiOjE3ODEwMTk0OTYsImV4cCI6MTc4MTEwNTg5Nn0.jRQRWCrbp3QnxIPHQ7Vb--dx3s4ysm_Y4v93i0nEvCs</msg>
<var>${token}</var>
<arg>${response.json()}[token]</arg>
<doc>Returns the given values which can then be assigned to a variables.</doc>
<status status="PASS" start="2026-06-09T12:38:16.084934" elapsed="0.000000"/>
</kw>
<return>
<value>${token}</value>
<status status="PASS" start="2026-06-09T12:38:16.084934" elapsed="0.000000"/>
</return>
<msg time="2026-06-09T12:38:16.084934" level="INFO">${token_leitor} = eyJhbGciOiJIUzI1NiJ9.eyJzdWIiOiJsZWl0b3JAYmlibGlvdGVjYS5jb20iLCJpYXQiOjE3ODEwMTk0OTYsImV4cCI6MTc4MTEwNTg5Nn0.jRQRWCrbp3QnxIPHQ7Vb--dx3s4ysm_Y4v93i0nEvCs</msg>
<var>${token_leitor}</var>
<doc>Faz login com a conta de leitor de testes (criada pelo DatabaseSeeder) e retorna o token JWT</doc>
<status status="PASS" start="2026-06-09T12:38:16.012774" elapsed="0.072160"/>
</kw>
<kw name="Obter Headers Padrao" owner="api_config">
<kw name="Create Dictionary" owner="BuiltIn">
<msg time="2026-06-09T12:38:16.085936" level="INFO">${headers} = {'Content-Type': 'application/json'}</msg>
<var>${headers}</var>
<arg>Content-Type=${CONTENT_TYPE}</arg>
<doc>Creates and returns a dictionary based on the given ``items``.</doc>
<status status="PASS" start="2026-06-09T12:38:16.085936" elapsed="0.000000"/>
</kw>
<return>
<value>${headers}</value>
<status status="PASS" start="2026-06-09T12:38:16.085936" elapsed="0.000000"/>
</return>
<msg time="2026-06-09T12:38:16.085936" level="INFO">${headers_leitor} = {'Content-Type': 'application/json'}</msg>
<var>${headers_leitor}</var>
<status status="PASS" start="2026-06-09T12:38:16.084934" elapsed="0.001002"/>
</kw>
<kw name="Set To Dictionary" owner="Collections">
<arg>${headers_leitor}</arg>
<arg>Authorization</arg>
<arg>Bearer ${token_leitor}</arg>
<doc>Adds the given ``key_value_pairs`` and/or ``items`` to the ``dictionary``.</doc>
<status status="PASS" start="2026-06-09T12:38:16.085936" elapsed="0.000000"/>
</kw>
<kw name="PATCH On Session" owner="RequestsLibrary">
<msg time="2026-06-09T12:38:16.106232" level="INFO">PATCH Request : url=http://localhost:8080/emprestimos/b4e2cbb1-b629-4a00-ab1a-5c34df4a3406/renovar 
 path_url=/emprestimos/b4e2cbb1-b629-4a00-ab1a-5c34df4a3406/renovar 
 headers={'User-Agent': 'python-requests/2.34.2', 'Accept-Encoding': 'gzip, deflate', 'Accept': '*/*', 'Connection': 'keep-alive', 'Content-Type': 'application/json', 'Authorization': 'Bearer eyJhbGciOiJIUzI1NiJ9.eyJzdWIiOiJsZWl0b3JAYmlibGlvdGVjYS5jb20iLCJpYXQiOjE3ODEwMTk0OTYsImV4cCI6MTc4MTEwNTg5Nn0.jRQRWCrbp3QnxIPHQ7Vb--dx3s4ysm_Y4v93i0nEvCs', 'Content-Length': '0'} 
 body=None 
 </msg>
<msg time="2026-06-09T12:38:16.106232" level="INFO">PATCH Response : url=http://localhost:8080/emprestimos/b4e2cbb1-b629-4a00-ab1a-5c34df4a3406/renovar 
 status=200, reason= 
 headers={'Vary': 'Origin, Access-Control-Request-Method, Access-Control-Request-Headers', 'X-Content-Type-Options': 'nosniff', 'X-XSS-Protection': '0', 'Cache-Control': 'no-cache, no-store, max-age=0, must-revalidate', 'Pragma': 'no-cache', 'Expires': '0', 'X-Frame-Options': 'DENY', 'Content-Type': 'application/json', 'Content-Length': '392', 'Date': 'Tue, 09 Jun 2026 15:38:16 GMT', 'Keep-Alive': 'timeout=60', 'Connection': 'keep-alive'} 
 body={"id":"b4e2cbb1-b629-4a00-ab1a-5c34df4a3406","livroId":"3551b789-e9bc-4fc4-bf27-dfa89db892b5","nomeObra":"Livro Emprestimo SDJX","leitorId":"7c08c35d-c89f-40dc-92d9-04673be42533","nomeLeitor":"Leitor de Testes","dataPedido":"2026-06-09T15:38:15.887645","dataEmprestimo":"2026-06-09","dataDevolucaoPrevista":"2026-07-09","dataDevolucaoReal":null,"quantidadeRenovacoes":1,"status":"EMPRESTADO"} 
 </msg>
<msg time="2026-06-09T12:38:16.106232" level="INFO">${res_renovar} = &lt;Response [200]&gt;</msg>
<var>${res_renovar}</var>
<arg>biblioteca_api</arg>
<arg>${EMPRESTIMOS_ENDPOINT}/${EMPRESTIMO_ID}/renovar</arg>
<arg>headers=${headers_leitor}</arg>
<arg>expected_status=200</arg>
<doc>Sends a PATCH request on a previously created HTTP Session.</doc>
<status status="PASS" start="2026-06-09T12:38:16.085936" elapsed="0.020296"/>
</kw>
<kw name="Should Be Equal As Integers" owner="BuiltIn">
<msg time="2026-06-09T12:38:16.107234" level="INFO">Argument types are:
&lt;class 'int'&gt;
&lt;class 'str'&gt;</msg>
<arg>${res_renovar.json()}[quantidadeRenovacoes]</arg>
<arg>1</arg>
<doc>Fails if objects are unequal after converting them to integers.</doc>
<status status="PASS" start="2026-06-09T12:38:16.106232" elapsed="0.001002"/>
</kw>
<doc>Testa a renovação do empréstimo em andamento</doc>
<status status="PASS" start="2026-06-09T12:38:16.011269" elapsed="0.095965"/>
</test>
<test id="s1-s2-t4" name="CT04: (LEITOR/ADMIN) Devolver livro deve retornar 200 e mudar status para DEVOLVIDO" line="56">
<kw name="Gerar Token Leitor" owner="keywords">
<kw name="Obter Headers Padrao" owner="api_config">
<kw name="Create Dictionary" owner="BuiltIn">
<msg time="2026-06-09T12:38:16.107234" level="INFO">${headers} = {'Content-Type': 'application/json'}</msg>
<var>${headers}</var>
<arg>Content-Type=${CONTENT_TYPE}</arg>
<doc>Creates and returns a dictionary based on the given ``items``.</doc>
<status status="PASS" start="2026-06-09T12:38:16.107234" elapsed="0.000000"/>
</kw>
<return>
<value>${headers}</value>
<status status="PASS" start="2026-06-09T12:38:16.107234" elapsed="0.000000"/>
</return>
<msg time="2026-06-09T12:38:16.107234" level="INFO">${headers} = {'Content-Type': 'application/json'}</msg>
<var>${headers}</var>
<status status="PASS" start="2026-06-09T12:38:16.107234" elapsed="0.000000"/>
</kw>
<kw name="Create Dictionary" owner="BuiltIn">
<msg time="2026-06-09T12:38:16.107234" level="INFO">${body} = {'identificador': 'leitor@biblioteca.com', 'senha': 'Leitor@123'}</msg>
<var>${body}</var>
<arg>identificador=${LEITOR_EMAIL}</arg>
<arg>senha=${LEITOR_PASSWORD}</arg>
<doc>Creates and returns a dictionary based on the given ``items``.</doc>
<status status="PASS" start="2026-06-09T12:38:16.107234" elapsed="0.000000"/>
</kw>
<kw name="POST On Session" owner="RequestsLibrary">
<msg time="2026-06-09T12:38:16.182306" level="INFO">POST Request : url=http://localhost:8080/auth/login 
 path_url=/auth/login 
 headers={'User-Agent': 'python-requests/2.34.2', 'Accept-Encoding': 'gzip, deflate', 'Accept': '*/*', 'Connection': 'keep-alive', 'Content-Type': 'application/json', 'Content-Length': '65'} 
 body=b'{"identificador": "leitor@biblioteca.com", "senha": "Leitor@123"}' 
 </msg>
<msg time="2026-06-09T12:38:16.182306" level="INFO">POST Response : url=http://localhost:8080/auth/login 
 status=200, reason= 
 headers={'Vary': 'Origin, Access-Control-Request-Method, Access-Control-Request-Headers', 'X-Content-Type-Options': 'nosniff', 'X-XSS-Protection': '0', 'Cache-Control': 'no-cache, no-store, max-age=0, must-revalidate', 'Pragma': 'no-cache', 'Expires': '0', 'X-Frame-Options': 'DENY', 'Content-Type': 'application/json', 'Content-Length': '323', 'Date': 'Tue, 09 Jun 2026 15:38:16 GMT', 'Keep-Alive': 'timeout=60', 'Connection': 'keep-alive'} 
 body={"id":"7c08c35d-c89f-40dc-92d9-04673be42533","nomeCompleto":"Leitor de Testes","email":"leitor@biblioteca.com","telefoneWhatsapp":"85900000000","role":"LEITOR","token":"eyJhbGciOiJIUzI1NiJ9.eyJzdWIiOiJsZWl0b3JAYmlibGlvdGVjYS5jb20iLCJpYXQiOjE3ODEwMTk0OTYsImV4cCI6MTc4MTEwNTg5Nn0.jRQRWCrbp3QnxIPHQ7Vb--dx3s4ysm_Y4v93i0nEvCs"} 
 </msg>
<msg time="2026-06-09T12:38:16.182306" level="INFO">${response} = &lt;Response [200]&gt;</msg>
<var>${response}</var>
<arg>biblioteca_api</arg>
<arg>/auth/login</arg>
<arg>json=${body}</arg>
<arg>headers=${headers}</arg>
<arg>expected_status=200</arg>
<doc>Sends a POST request on a previously created HTTP Session.</doc>
<status status="PASS" start="2026-06-09T12:38:16.108765" elapsed="0.073541"/>
</kw>
<kw name="Set Variable" owner="BuiltIn">
<msg time="2026-06-09T12:38:16.182306" level="INFO">${token} = eyJhbGciOiJIUzI1NiJ9.eyJzdWIiOiJsZWl0b3JAYmlibGlvdGVjYS5jb20iLCJpYXQiOjE3ODEwMTk0OTYsImV4cCI6MTc4MTEwNTg5Nn0.jRQRWCrbp3QnxIPHQ7Vb--dx3s4ysm_Y4v93i0nEvCs</msg>
<var>${token}</var>
<arg>${response.json()}[token]</arg>
<doc>Returns the given values which can then be assigned to a variables.</doc>
<status status="PASS" start="2026-06-09T12:38:16.182306" elapsed="0.000000"/>
</kw>
<return>
<value>${token}</value>
<status status="PASS" start="2026-06-09T12:38:16.182306" elapsed="0.000000"/>
</return>
<msg time="2026-06-09T12:38:16.183310" level="INFO">${token_leitor} = eyJhbGciOiJIUzI1NiJ9.eyJzdWIiOiJsZWl0b3JAYmlibGlvdGVjYS5jb20iLCJpYXQiOjE3ODEwMTk0OTYsImV4cCI6MTc4MTEwNTg5Nn0.jRQRWCrbp3QnxIPHQ7Vb--dx3s4ysm_Y4v93i0nEvCs</msg>
<var>${token_leitor}</var>
<doc>Faz login com a conta de leitor de testes (criada pelo DatabaseSeeder) e retorna o token JWT</doc>
<status status="PASS" start="2026-06-09T12:38:16.107234" elapsed="0.076076"/>
</kw>
<kw name="Obter Headers Padrao" owner="api_config">
<kw name="Create Dictionary" owner="BuiltIn">
<msg time="2026-06-09T12:38:16.183310" level="INFO">${headers} = {'Content-Type': 'application/json'}</msg>
<var>${headers}</var>
<arg>Content-Type=${CONTENT_TYPE}</arg>
<doc>Creates and returns a dictionary based on the given ``items``.</doc>
<status status="PASS" start="2026-06-09T12:38:16.183310" elapsed="0.000000"/>
</kw>
<return>
<value>${headers}</value>
<status status="PASS" start="2026-06-09T12:38:16.183310" elapsed="0.000000"/>
</return>
<msg time="2026-06-09T12:38:16.183310" level="INFO">${headers_leitor} = {'Content-Type': 'application/json'}</msg>
<var>${headers_leitor}</var>
<status status="PASS" start="2026-06-09T12:38:16.183310" elapsed="0.000000"/>
</kw>
<kw name="Set To Dictionary" owner="Collections">
<arg>${headers_leitor}</arg>
<arg>Authorization</arg>
<arg>Bearer ${token_leitor}</arg>
<doc>Adds the given ``key_value_pairs`` and/or ``items`` to the ``dictionary``.</doc>
<status status="PASS" start="2026-06-09T12:38:16.184202" elapsed="0.000000"/>
</kw>
<kw name="PATCH On Session" owner="RequestsLibrary">
<msg time="2026-06-09T12:38:16.205348" level="INFO">PATCH Request : url=http://localhost:8080/emprestimos/b4e2cbb1-b629-4a00-ab1a-5c34df4a3406/devolver 
 path_url=/emprestimos/b4e2cbb1-b629-4a00-ab1a-5c34df4a3406/devolver 
 headers={'User-Agent': 'python-requests/2.34.2', 'Accept-Encoding': 'gzip, deflate', 'Accept': '*/*', 'Connection': 'keep-alive', 'Content-Type': 'application/json', 'Authorization': 'Bearer eyJhbGciOiJIUzI1NiJ9.eyJzdWIiOiJsZWl0b3JAYmlibGlvdGVjYS5jb20iLCJpYXQiOjE3ODEwMTk0OTYsImV4cCI6MTc4MTEwNTg5Nn0.jRQRWCrbp3QnxIPHQ7Vb--dx3s4ysm_Y4v93i0nEvCs', 'Content-Length': '0'} 
 body=None 
 </msg>
<msg time="2026-06-09T12:38:16.205348" level="INFO">PATCH Response : url=http://localhost:8080/emprestimos/b4e2cbb1-b629-4a00-ab1a-5c34df4a3406/devolver 
 status=200, reason= 
 headers={'Vary': 'Origin, Access-Control-Request-Method, Access-Control-Request-Headers', 'X-Content-Type-Options': 'nosniff', 'X-XSS-Protection': '0', 'Cache-Control': 'no-cache, no-store, max-age=0, must-revalidate', 'Pragma': 'no-cache', 'Expires': '0', 'X-Frame-Options': 'DENY', 'Content-Type': 'application/json', 'Content-Length': '399', 'Date': 'Tue, 09 Jun 2026 15:38:16 GMT', 'Keep-Alive': 'timeout=60', 'Connection': 'keep-alive'} 
 body={"id":"b4e2cbb1-b629-4a00-ab1a-5c34df4a3406","livroId":"3551b789-e9bc-4fc4-bf27-dfa89db892b5","nomeObra":"Livro Emprestimo SDJX","leitorId":"7c08c35d-c89f-40dc-92d9-04673be42533","nomeLeitor":"Leitor de Testes","dataPedido":"2026-06-09T15:38:15.887645","dataEmprestimo":"2026-06-09","dataDevolucaoPrevista":"2026-07-09","dataDevolucaoReal":"2026-06-09","quantidadeRenovacoes":1,"status":"DEVOLVIDO"} 
 </msg>
<msg time="2026-06-09T12:38:16.205348" level="INFO">${res_devolver} = &lt;Response [200]&gt;</msg>
<var>${res_devolver}</var>
<arg>biblioteca_api</arg>
<arg>${EMPRESTIMOS_ENDPOINT}/${EMPRESTIMO_ID}/devolver</arg>
<arg>headers=${headers_leitor}</arg>
<arg>expected_status=200</arg>
<doc>Sends a PATCH request on a previously created HTTP Session.</doc>
<status status="PASS" start="2026-06-09T12:38:16.184202" elapsed="0.021146"/>
</kw>
<kw name="Should Be Equal As Strings" owner="BuiltIn">
<arg>${res_devolver.json()}[status]</arg>
<arg>DEVOLVIDO</arg>
<doc>Fails if objects are unequal after converting them to strings.</doc>
<status status="PASS" start="2026-06-09T12:38:16.205348" elapsed="0.000000"/>
</kw>
<doc>Testa a devolução do empréstimo</doc>
<status status="PASS" start="2026-06-09T12:38:16.107234" elapsed="0.099127"/>
</test>
<test id="s1-s2-t5" name="CT05: Solicitar emprestimo de livro sem estoque deve retornar 400 Bad Request" line="65">
<kw name="Gerar Token Admin" owner="keywords">
<kw name="Obter Headers Padrao" owner="api_config">
<kw name="Create Dictionary" owner="BuiltIn">
<msg time="2026-06-09T12:38:16.207348" level="INFO">${headers} = {'Content-Type': 'application/json'}</msg>
<var>${headers}</var>
<arg>Content-Type=${CONTENT_TYPE}</arg>
<doc>Creates and returns a dictionary based on the given ``items``.</doc>
<status status="PASS" start="2026-06-09T12:38:16.206361" elapsed="0.000987"/>
</kw>
<return>
<value>${headers}</value>
<status status="PASS" start="2026-06-09T12:38:16.207348" elapsed="0.000000"/>
</return>
<msg time="2026-06-09T12:38:16.207348" level="INFO">${headers} = {'Content-Type': 'application/json'}</msg>
<var>${headers}</var>
<status status="PASS" start="2026-06-09T12:38:16.206361" elapsed="0.000987"/>
</kw>
<kw name="Create Dictionary" owner="BuiltIn">
<msg time="2026-06-09T12:38:16.207348" level="INFO">${body} = {'identificador': 'admin@biblioteca.com', 'senha': 'Admin@123p'}</msg>
<var>${body}</var>
<arg>identificador=${ADMIN_EMAIL}</arg>
<arg>senha=${ADMIN_PASSWORD}</arg>
<doc>Creates and returns a dictionary based on the given ``items``.</doc>
<status status="PASS" start="2026-06-09T12:38:16.207348" elapsed="0.000000"/>
</kw>
<kw name="POST On Session" owner="RequestsLibrary">
<msg time="2026-06-09T12:38:16.278306" level="INFO">POST Request : url=http://localhost:8080/auth/login 
 path_url=/auth/login 
 headers={'User-Agent': 'python-requests/2.34.2', 'Accept-Encoding': 'gzip, deflate', 'Accept': '*/*', 'Connection': 'keep-alive', 'Content-Type': 'application/json', 'Content-Length': '64'} 
 body=b'{"identificador": "admin@biblioteca.com", "senha": "Admin@123p"}' 
 </msg>
<msg time="2026-06-09T12:38:16.278306" level="INFO">POST Response : url=http://localhost:8080/auth/login 
 status=200, reason= 
 headers={'Vary': 'Origin, Access-Control-Request-Method, Access-Control-Request-Headers', 'X-Content-Type-Options': 'nosniff', 'X-XSS-Protection': '0', 'Cache-Control': 'no-cache, no-store, max-age=0, must-revalidate', 'Pragma': 'no-cache', 'Expires': '0', 'X-Frame-Options': 'DENY', 'Content-Type': 'application/json', 'Content-Length': '316', 'Date': 'Tue, 09 Jun 2026 15:38:16 GMT', 'Keep-Alive': 'timeout=60', 'Connection': 'keep-alive'} 
 body={"id":"ec4b8f7c-11f4-4cb9-826c-052a289d1fa7","nomeCompleto":"Administrador Inicial","email":"admin@biblioteca.com","telefoneWhatsapp":null,"role":"ADMIN","token":"eyJhbGciOiJIUzI1NiJ9.eyJzdWIiOiJhZG1pbkBiaWJsaW90ZWNhLmNvbSIsImlhdCI6MTc4MTAxOTQ5NiwiZXhwIjoxNzgxMTA1ODk2fQ.n9-tJ9443Nh4_nIbTFpNwbgaxVdmNnLyh2YEvT1Cd9o"} 
 </msg>
<msg time="2026-06-09T12:38:16.278306" level="INFO">${response} = &lt;Response [200]&gt;</msg>
<var>${response}</var>
<arg>biblioteca_api</arg>
<arg>/auth/login</arg>
<arg>json=${body}</arg>
<arg>headers=${headers}</arg>
<arg>expected_status=200</arg>
<doc>Sends a POST request on a previously created HTTP Session.</doc>
<status status="PASS" start="2026-06-09T12:38:16.207973" elapsed="0.070333"/>
</kw>
<kw name="Set Variable" owner="BuiltIn">
<msg time="2026-06-09T12:38:16.279406" level="INFO">${token} = eyJhbGciOiJIUzI1NiJ9.eyJzdWIiOiJhZG1pbkBiaWJsaW90ZWNhLmNvbSIsImlhdCI6MTc4MTAxOTQ5NiwiZXhwIjoxNzgxMTA1ODk2fQ.n9-tJ9443Nh4_nIbTFpNwbgaxVdmNnLyh2YEvT1Cd9o</msg>
<var>${token}</var>
<arg>${response.json()}[token]</arg>
<doc>Returns the given values which can then be assigned to a variables.</doc>
<status status="PASS" start="2026-06-09T12:38:16.278306" elapsed="0.001100"/>
</kw>
<return>
<value>${token}</value>
<status status="PASS" start="2026-06-09T12:38:16.279406" elapsed="0.000000"/>
</return>
<msg time="2026-06-09T12:38:16.279406" level="INFO">${token_admin} = eyJhbGciOiJIUzI1NiJ9.eyJzdWIiOiJhZG1pbkBiaWJsaW90ZWNhLmNvbSIsImlhdCI6MTc4MTAxOTQ5NiwiZXhwIjoxNzgxMTA1ODk2fQ.n9-tJ9443Nh4_nIbTFpNwbgaxVdmNnLyh2YEvT1Cd9o</msg>
<var>${token_admin}</var>
<doc>Faz login com a conta de administrador (criada pelo ambiente) e retorna o token JWT</doc>
<status status="PASS" start="2026-06-09T12:38:16.206361" elapsed="0.073045"/>
</kw>
<kw name="Obter Headers Padrao" owner="api_config">
<kw name="Create Dictionary" owner="BuiltIn">
<msg time="2026-06-09T12:38:16.280306" level="INFO">${headers} = {'Content-Type': 'application/json'}</msg>
<var>${headers}</var>
<arg>Content-Type=${CONTENT_TYPE}</arg>
<doc>Creates and returns a dictionary based on the given ``items``.</doc>
<status status="PASS" start="2026-06-09T12:38:16.280306" elapsed="0.000000"/>
</kw>
<return>
<value>${headers}</value>
<status status="PASS" start="2026-06-09T12:38:16.280306" elapsed="0.000000"/>
</return>
<msg time="2026-06-09T12:38:16.280306" level="INFO">${headers_admin} = {'Content-Type': 'application/json'}</msg>
<var>${headers_admin}</var>
<status status="PASS" start="2026-06-09T12:38:16.280306" elapsed="0.000000"/>
</kw>
<kw name="Set To Dictionary" owner="Collections">
<arg>${headers_admin}</arg>
<arg>Authorization</arg>
<arg>Bearer ${token_admin}</arg>
<doc>Adds the given ``key_value_pairs`` and/or ``items`` to the ``dictionary``.</doc>
<status status="PASS" start="2026-06-09T12:38:16.280306" elapsed="0.000000"/>
</kw>
<kw name="Create List" owner="BuiltIn">
<msg time="2026-06-09T12:38:16.280306" level="INFO">${lista_vazia} = []</msg>
<var>${lista_vazia}</var>
<doc>Returns a list containing given items.</doc>
<status status="PASS" start="2026-06-09T12:38:16.280306" elapsed="0.000000"/>
</kw>
<kw name="Generate Random String" owner="String">
<msg time="2026-06-09T12:38:16.281304" level="INFO">${random_str} = WMWN</msg>
<var>${random_str}</var>
<arg>4</arg>
<arg>[UPPER]</arg>
<doc>Generates a string with a desired ``length`` from the given ``chars``.</doc>
<status status="PASS" start="2026-06-09T12:38:16.281304" elapsed="0.000000"/>
</kw>
<kw name="Create Dictionary" owner="BuiltIn">
<msg time="2026-06-09T12:38:16.281304" level="INFO">${body_livro} = {'nomeObra': 'Livro Sem Estoque WMWN', 'autor': 'Autor', 'editora': 'Editora', 'volume': '1', 'descricao': 'Descricao', 'categoriasIds': [], 'quantidade': '0', 'fotoCapaUrl': 'https://res.cloudinary.c...</msg>
<var>${body_livro}</var>
<arg>nomeObra=Livro Sem Estoque ${random_str}</arg>
<arg>autor=Autor</arg>
<arg>editora=Editora</arg>
<arg>volume=1</arg>
<arg>descricao=Descricao</arg>
<arg>categoriasIds=${lista_vazia}</arg>
<arg>quantidade=0</arg>
<arg>fotoCapaUrl=https://res.cloudinary.com/teste/image.webp</arg>
<doc>Creates and returns a dictionary based on the given ``items``.</doc>
<status status="PASS" start="2026-06-09T12:38:16.281304" elapsed="0.000000"/>
</kw>
<kw name="POST On Session" owner="RequestsLibrary">
<msg time="2026-06-09T12:38:16.300154" level="INFO">POST Request : url=http://localhost:8080/livros 
 path_url=/livros 
 headers={'User-Agent': 'python-requests/2.34.2', 'Accept-Encoding': 'gzip, deflate', 'Accept': '*/*', 'Connection': 'keep-alive', 'Content-Type': 'application/json', 'Authorization': 'Bearer eyJhbGciOiJIUzI1NiJ9.eyJzdWIiOiJhZG1pbkBiaWJsaW90ZWNhLmNvbSIsImlhdCI6MTc4MTAxOTQ5NiwiZXhwIjoxNzgxMTA1ODk2fQ.n9-tJ9443Nh4_nIbTFpNwbgaxVdmNnLyh2YEvT1Cd9o', 'Content-Length': '221'} 
 body=b'{"nomeObra": "Livro Sem Estoque WMWN", "autor": "Autor", "editora": "Editora", "volume": "1", "descricao": "Descricao", "categoriasIds": [], "quantidade": "0", "fotoCapaUrl": "https://res.cloudinary.com/teste/image.webp"}' 
 </msg>
<msg time="2026-06-09T12:38:16.300154" level="INFO">POST Response : url=http://localhost:8080/livros 
 status=201, reason= 
 headers={'Vary': 'Origin, Access-Control-Request-Method, Access-Control-Request-Headers', 'X-Content-Type-Options': 'nosniff', 'X-XSS-Protection': '0', 'Cache-Control': 'no-cache, no-store, max-age=0, must-revalidate', 'Pragma': 'no-cache', 'Expires': '0', 'X-Frame-Options': 'DENY', 'Content-Type': 'application/json', 'Content-Length': '414', 'Date': 'Tue, 09 Jun 2026 15:38:16 GMT', 'Keep-Alive': 'timeout=60', 'Connection': 'keep-alive'} 
 body={"id":"5c1a5c4e-41ec-4914-a727-428b190de3cb","nomeObra":"Livro Sem Estoque WMWN","autor":"Autor","editora":"Editora","volume":"1","descricao":"Descricao","categorias":[],"quantidade":0,"fotoCapaUrl":"https://res.cloudinary.com/teste/image.webp","oculto":false,"motivoOcultacao":null,"criadoPorId":"ec4b8f7c-11f4-4cb9-826c-052a289d1fa7","editadoPorId":null,"criadoEm":"2026-06-09T15:38:16.2938154","editadoEm":null} 
 </msg>
<msg time="2026-06-09T12:38:16.300791" level="INFO">${res_livro} = &lt;Response [201]&gt;</msg>
<var>${res_livro}</var>
<arg>biblioteca_api</arg>
<arg>/livros</arg>
<arg>json=${body_livro}</arg>
<arg>headers=${headers_admin}</arg>
<arg>expected_status=201</arg>
<doc>Sends a POST request on a previously created HTTP Session.</doc>
<status status="PASS" start="2026-06-09T12:38:16.281304" elapsed="0.019487"/>
</kw>
<kw name="Set Variable" owner="BuiltIn">
<msg time="2026-06-09T12:38:16.300791" level="INFO">${livro_id_zero} = 5c1a5c4e-41ec-4914-a727-428b190de3cb</msg>
<var>${livro_id_zero}</var>
<arg>${res_livro.json()}[id]</arg>
<doc>Returns the given values which can then be assigned to a variables.</doc>
<status status="PASS" start="2026-06-09T12:38:16.300791" elapsed="0.000000"/>
</kw>
<kw name="Gerar Token Leitor" owner="keywords">
<kw name="Obter Headers Padrao" owner="api_config">
<kw name="Create Dictionary" owner="BuiltIn">
<msg time="2026-06-09T12:38:16.301796" level="INFO">${headers} = {'Content-Type': 'application/json'}</msg>
<var>${headers}</var>
<arg>Content-Type=${CONTENT_TYPE}</arg>
<doc>Creates and returns a dictionary based on the given ``items``.</doc>
<status status="PASS" start="2026-06-09T12:38:16.301796" elapsed="0.000000"/>
</kw>
<return>
<value>${headers}</value>
<status status="PASS" start="2026-06-09T12:38:16.301796" elapsed="0.000000"/>
</return>
<msg time="2026-06-09T12:38:16.301796" level="INFO">${headers} = {'Content-Type': 'application/json'}</msg>
<var>${headers}</var>
<status status="PASS" start="2026-06-09T12:38:16.301796" elapsed="0.000000"/>
</kw>
<kw name="Create Dictionary" owner="BuiltIn">
<msg time="2026-06-09T12:38:16.301796" level="INFO">${body} = {'identificador': 'leitor@biblioteca.com', 'senha': 'Leitor@123'}</msg>
<var>${body}</var>
<arg>identificador=${LEITOR_EMAIL}</arg>
<arg>senha=${LEITOR_PASSWORD}</arg>
<doc>Creates and returns a dictionary based on the given ``items``.</doc>
<status status="PASS" start="2026-06-09T12:38:16.301796" elapsed="0.000000"/>
</kw>
<kw name="POST On Session" owner="RequestsLibrary">
<msg time="2026-06-09T12:38:16.374254" level="INFO">POST Request : url=http://localhost:8080/auth/login 
 path_url=/auth/login 
 headers={'User-Agent': 'python-requests/2.34.2', 'Accept-Encoding': 'gzip, deflate', 'Accept': '*/*', 'Connection': 'keep-alive', 'Content-Type': 'application/json', 'Content-Length': '65'} 
 body=b'{"identificador": "leitor@biblioteca.com", "senha": "Leitor@123"}' 
 </msg>
<msg time="2026-06-09T12:38:16.374254" level="INFO">POST Response : url=http://localhost:8080/auth/login 
 status=200, reason= 
 headers={'Vary': 'Origin, Access-Control-Request-Method, Access-Control-Request-Headers', 'X-Content-Type-Options': 'nosniff', 'X-XSS-Protection': '0', 'Cache-Control': 'no-cache, no-store, max-age=0, must-revalidate', 'Pragma': 'no-cache', 'Expires': '0', 'X-Frame-Options': 'DENY', 'Content-Type': 'application/json', 'Content-Length': '323', 'Date': 'Tue, 09 Jun 2026 15:38:16 GMT', 'Keep-Alive': 'timeout=60', 'Connection': 'keep-alive'} 
 body={"id":"7c08c35d-c89f-40dc-92d9-04673be42533","nomeCompleto":"Leitor de Testes","email":"leitor@biblioteca.com","telefoneWhatsapp":"85900000000","role":"LEITOR","token":"eyJhbGciOiJIUzI1NiJ9.eyJzdWIiOiJsZWl0b3JAYmlibGlvdGVjYS5jb20iLCJpYXQiOjE3ODEwMTk0OTYsImV4cCI6MTc4MTEwNTg5Nn0.jRQRWCrbp3QnxIPHQ7Vb--dx3s4ysm_Y4v93i0nEvCs"} 
 </msg>
<msg time="2026-06-09T12:38:16.374254" level="INFO">${response} = &lt;Response [200]&gt;</msg>
<var>${response}</var>
<arg>biblioteca_api</arg>
<arg>/auth/login</arg>
<arg>json=${body}</arg>
<arg>headers=${headers}</arg>
<arg>expected_status=200</arg>
<doc>Sends a POST request on a previously created HTTP Session.</doc>
<status status="PASS" start="2026-06-09T12:38:16.301796" elapsed="0.072458"/>
</kw>
<kw name="Set Variable" owner="BuiltIn">
<msg time="2026-06-09T12:38:16.375358" level="INFO">${token} = eyJhbGciOiJIUzI1NiJ9.eyJzdWIiOiJsZWl0b3JAYmlibGlvdGVjYS5jb20iLCJpYXQiOjE3ODEwMTk0OTYsImV4cCI6MTc4MTEwNTg5Nn0.jRQRWCrbp3QnxIPHQ7Vb--dx3s4ysm_Y4v93i0nEvCs</msg>
<var>${token}</var>
<arg>${response.json()}[token]</arg>
<doc>Returns the given values which can then be assigned to a variables.</doc>
<status status="PASS" start="2026-06-09T12:38:16.374254" elapsed="0.001104"/>
</kw>
<return>
<value>${token}</value>
<status status="PASS" start="2026-06-09T12:38:16.375358" elapsed="0.000000"/>
</return>
<msg time="2026-06-09T12:38:16.375358" level="INFO">${token_leitor} = eyJhbGciOiJIUzI1NiJ9.eyJzdWIiOiJsZWl0b3JAYmlibGlvdGVjYS5jb20iLCJpYXQiOjE3ODEwMTk0OTYsImV4cCI6MTc4MTEwNTg5Nn0.jRQRWCrbp3QnxIPHQ7Vb--dx3s4ysm_Y4v93i0nEvCs</msg>
<var>${token_leitor}</var>
<doc>Faz login com a conta de leitor de testes (criada pelo DatabaseSeeder) e retorna o token JWT</doc>
<status status="PASS" start="2026-06-09T12:38:16.300791" elapsed="0.074567"/>
</kw>
<kw name="Obter Headers Padrao" owner="api_config">
<kw name="Create Dictionary" owner="BuiltIn">
<msg time="2026-06-09T12:38:16.376254" level="INFO">${headers} = {'Content-Type': 'application/json'}</msg>
<var>${headers}</var>
<arg>Content-Type=${CONTENT_TYPE}</arg>
<doc>Creates and returns a dictionary based on the given ``items``.</doc>
<status status="PASS" start="2026-06-09T12:38:16.375358" elapsed="0.000896"/>
</kw>
<return>
<value>${headers}</value>
<status status="PASS" start="2026-06-09T12:38:16.376254" elapsed="0.000000"/>
</return>
<msg time="2026-06-09T12:38:16.376254" level="INFO">${headers_leitor} = {'Content-Type': 'application/json'}</msg>
<var>${headers_leitor}</var>
<status status="PASS" start="2026-06-09T12:38:16.375358" elapsed="0.000896"/>
</kw>
<kw name="Set To Dictionary" owner="Collections">
<arg>${headers_leitor}</arg>
<arg>Authorization</arg>
<arg>Bearer ${token_leitor}</arg>
<doc>Adds the given ``key_value_pairs`` and/or ``items`` to the ``dictionary``.</doc>
<status status="PASS" start="2026-06-09T12:38:16.376254" elapsed="0.000000"/>
</kw>
<kw name="Create Dictionary" owner="BuiltIn">
<msg time="2026-06-09T12:38:16.376254" level="INFO">${body_req} = {'livroId': '5c1a5c4e-41ec-4914-a727-428b190de3cb'}</msg>
<var>${body_req}</var>
<arg>livroId=${livro_id_zero}</arg>
<doc>Creates and returns a dictionary based on the given ``items``.</doc>
<status status="PASS" start="2026-06-09T12:38:16.376254" elapsed="0.000000"/>
</kw>
<kw name="POST On Session" owner="RequestsLibrary">
<msg time="2026-06-09T12:38:16.393260" level="INFO">POST Request : url=http://localhost:8080/emprestimos/solicitar 
 path_url=/emprestimos/solicitar 
 headers={'User-Agent': 'python-requests/2.34.2', 'Accept-Encoding': 'gzip, deflate', 'Accept': '*/*', 'Connection': 'keep-alive', 'Content-Type': 'application/json', 'Authorization': 'Bearer eyJhbGciOiJIUzI1NiJ9.eyJzdWIiOiJsZWl0b3JAYmlibGlvdGVjYS5jb20iLCJpYXQiOjE3ODEwMTk0OTYsImV4cCI6MTc4MTEwNTg5Nn0.jRQRWCrbp3QnxIPHQ7Vb--dx3s4ysm_Y4v93i0nEvCs', 'Content-Length': '51'} 
 body=b'{"livroId": "5c1a5c4e-41ec-4914-a727-428b190de3cb"}' 
 </msg>
<msg time="2026-06-09T12:38:16.394259" level="INFO">POST Response : url=http://localhost:8080/emprestimos/solicitar 
 status=400, reason= 
 headers={'Vary': 'Origin, Access-Control-Request-Method, Access-Control-Request-Headers', 'X-Content-Type-Options': 'nosniff', 'X-XSS-Protection': '0', 'Cache-Control': 'no-cache, no-store, max-age=0, must-revalidate', 'Pragma': 'no-cache', 'Expires': '0', 'X-Frame-Options': 'DENY', 'Content-Type': 'application/json', 'Transfer-Encoding': 'chunked', 'Date': 'Tue, 09 Jun 2026 15:38:16 GMT', 'Connection': 'close'} 
 body={"timestamp":"2026-06-09T15:38:16.3922639","status":400,"erro":"Regra de negócio violada","mensagem":"Livro sem quantidade disponível.","path":"/emprestimos/solicitar","campos":[]} 
 </msg>
<arg>biblioteca_api</arg>
<arg>${EMPRESTIMOS_ENDPOINT}/solicitar</arg>
<arg>json=${body_req}</arg>
<arg>headers=${headers_leitor}</arg>
<arg>expected_status=400</arg>
<doc>Sends a POST request on a previously created HTTP Session.</doc>
<status status="PASS" start="2026-06-09T12:38:16.376254" elapsed="0.018005"/>
</kw>
<doc>Testa regra de negócio: Livro sem estoque disponível</doc>
<status status="PASS" start="2026-06-09T12:38:16.206361" elapsed="0.187898"/>
</test>
<doc>Suite de testes para validar o EmprestimoController</doc>
<status status="PASS" start="2026-06-09T12:38:15.550179" elapsed="0.844080"/>
</suite>
<suite id="s1-s3" name="Livros Test" source="C:\Users\joaol\Documents\projeto_poo\biblioteca\robot_tests\tests\livros_test.robot">
<kw name="Criar Sessao Biblioteca" owner="api_config" type="SETUP">
<kw name="Create Session" owner="RequestsLibrary">
<msg time="2026-06-09T12:38:16.399324" level="INFO">Creating Session using : alias=biblioteca_api, url=http://localhost:8080, headers={},                     cookies={}, auth=None, timeout=None, proxies=None, verify=True,                     debug=0 </msg>
<arg>biblioteca_api</arg>
<arg>${BASE_URL}</arg>
<arg>verify=True</arg>
<doc>Create Session: create a HTTP session to a server</doc>
<status status="PASS" start="2026-06-09T12:38:16.399324" elapsed="0.000000"/>
</kw>
<status status="PASS" start="2026-06-09T12:38:16.398318" elapsed="0.001006"/>
</kw>
<test id="s1-s3-t1" name="CT01: (ADMIN) Deve criar um livro novo retornando 201" line="13">
<kw name="Gerar Token Admin" owner="keywords">
<kw name="Obter Headers Padrao" owner="api_config">
<kw name="Create Dictionary" owner="BuiltIn">
<msg time="2026-06-09T12:38:16.400324" level="INFO">${headers} = {'Content-Type': 'application/json'}</msg>
<var>${headers}</var>
<arg>Content-Type=${CONTENT_TYPE}</arg>
<doc>Creates and returns a dictionary based on the given ``items``.</doc>
<status status="PASS" start="2026-06-09T12:38:16.399324" elapsed="0.001000"/>
</kw>
<return>
<value>${headers}</value>
<status status="PASS" start="2026-06-09T12:38:16.400324" elapsed="0.000000"/>
</return>
<msg time="2026-06-09T12:38:16.400324" level="INFO">${headers} = {'Content-Type': 'application/json'}</msg>
<var>${headers}</var>
<status status="PASS" start="2026-06-09T12:38:16.399324" elapsed="0.001000"/>
</kw>
<kw name="Create Dictionary" owner="BuiltIn">
<msg time="2026-06-09T12:38:16.400324" level="INFO">${body} = {'identificador': 'admin@biblioteca.com', 'senha': 'Admin@123p'}</msg>
<var>${body}</var>
<arg>identificador=${ADMIN_EMAIL}</arg>
<arg>senha=${ADMIN_PASSWORD}</arg>
<doc>Creates and returns a dictionary based on the given ``items``.</doc>
<status status="PASS" start="2026-06-09T12:38:16.400324" elapsed="0.000000"/>
</kw>
<kw name="POST On Session" owner="RequestsLibrary">
<msg time="2026-06-09T12:38:16.471559" level="INFO">POST Request : url=http://localhost:8080/auth/login 
 path_url=/auth/login 
 headers={'User-Agent': 'python-requests/2.34.2', 'Accept-Encoding': 'gzip, deflate', 'Accept': '*/*', 'Connection': 'keep-alive', 'Content-Type': 'application/json', 'Content-Length': '64'} 
 body=b'{"identificador": "admin@biblioteca.com", "senha": "Admin@123p"}' 
 </msg>
<msg time="2026-06-09T12:38:16.471559" level="INFO">POST Response : url=http://localhost:8080/auth/login 
 status=200, reason= 
 headers={'Vary': 'Origin, Access-Control-Request-Method, Access-Control-Request-Headers', 'X-Content-Type-Options': 'nosniff', 'X-XSS-Protection': '0', 'Cache-Control': 'no-cache, no-store, max-age=0, must-revalidate', 'Pragma': 'no-cache', 'Expires': '0', 'X-Frame-Options': 'DENY', 'Content-Type': 'application/json', 'Content-Length': '316', 'Date': 'Tue, 09 Jun 2026 15:38:16 GMT', 'Keep-Alive': 'timeout=60', 'Connection': 'keep-alive'} 
 body={"id":"ec4b8f7c-11f4-4cb9-826c-052a289d1fa7","nomeCompleto":"Administrador Inicial","email":"admin@biblioteca.com","telefoneWhatsapp":null,"role":"ADMIN","token":"eyJhbGciOiJIUzI1NiJ9.eyJzdWIiOiJhZG1pbkBiaWJsaW90ZWNhLmNvbSIsImlhdCI6MTc4MTAxOTQ5NiwiZXhwIjoxNzgxMTA1ODk2fQ.n9-tJ9443Nh4_nIbTFpNwbgaxVdmNnLyh2YEvT1Cd9o"} 
 </msg>
<msg time="2026-06-09T12:38:16.471559" level="INFO">${response} = &lt;Response [200]&gt;</msg>
<var>${response}</var>
<arg>biblioteca_api</arg>
<arg>/auth/login</arg>
<arg>json=${body}</arg>
<arg>headers=${headers}</arg>
<arg>expected_status=200</arg>
<doc>Sends a POST request on a previously created HTTP Session.</doc>
<status status="PASS" start="2026-06-09T12:38:16.400324" elapsed="0.071235"/>
</kw>
<kw name="Set Variable" owner="BuiltIn">
<msg time="2026-06-09T12:38:16.472560" level="INFO">${token} = eyJhbGciOiJIUzI1NiJ9.eyJzdWIiOiJhZG1pbkBiaWJsaW90ZWNhLmNvbSIsImlhdCI6MTc4MTAxOTQ5NiwiZXhwIjoxNzgxMTA1ODk2fQ.n9-tJ9443Nh4_nIbTFpNwbgaxVdmNnLyh2YEvT1Cd9o</msg>
<var>${token}</var>
<arg>${response.json()}[token]</arg>
<doc>Returns the given values which can then be assigned to a variables.</doc>
<status status="PASS" start="2026-06-09T12:38:16.471559" elapsed="0.001001"/>
</kw>
<return>
<value>${token}</value>
<status status="PASS" start="2026-06-09T12:38:16.472560" elapsed="0.000000"/>
</return>
<msg time="2026-06-09T12:38:16.472560" level="INFO">${token} = eyJhbGciOiJIUzI1NiJ9.eyJzdWIiOiJhZG1pbkBiaWJsaW90ZWNhLmNvbSIsImlhdCI6MTc4MTAxOTQ5NiwiZXhwIjoxNzgxMTA1ODk2fQ.n9-tJ9443Nh4_nIbTFpNwbgaxVdmNnLyh2YEvT1Cd9o</msg>
<var>${token}</var>
<doc>Faz login com a conta de administrador (criada pelo ambiente) e retorna o token JWT</doc>
<status status="PASS" start="2026-06-09T12:38:16.399324" elapsed="0.073236"/>
</kw>
<kw name="Obter Headers Padrao" owner="api_config">
<kw name="Create Dictionary" owner="BuiltIn">
<msg time="2026-06-09T12:38:16.472560" level="INFO">${headers} = {'Content-Type': 'application/json'}</msg>
<var>${headers}</var>
<arg>Content-Type=${CONTENT_TYPE}</arg>
<doc>Creates and returns a dictionary based on the given ``items``.</doc>
<status status="PASS" start="2026-06-09T12:38:16.472560" elapsed="0.000000"/>
</kw>
<return>
<value>${headers}</value>
<status status="PASS" start="2026-06-09T12:38:16.472560" elapsed="0.000000"/>
</return>
<msg time="2026-06-09T12:38:16.472560" level="INFO">${headers} = {'Content-Type': 'application/json'}</msg>
<var>${headers}</var>
<status status="PASS" start="2026-06-09T12:38:16.472560" elapsed="0.000000"/>
</kw>
<kw name="Set To Dictionary" owner="Collections">
<arg>${headers}</arg>
<arg>Authorization</arg>
<arg>Bearer ${token}</arg>
<doc>Adds the given ``key_value_pairs`` and/or ``items`` to the ``dictionary``.</doc>
<status status="PASS" start="2026-06-09T12:38:16.473544" elapsed="0.000000"/>
</kw>
<kw name="Generate Random String" owner="String">
<msg time="2026-06-09T12:38:16.473544" level="INFO">${random_str} = MRAG</msg>
<var>${random_str}</var>
<arg>4</arg>
<arg>[UPPER]</arg>
<doc>Generates a string with a desired ``length`` from the given ``chars``.</doc>
<status status="PASS" start="2026-06-09T12:38:16.473544" elapsed="0.000000"/>
</kw>
[...]
 path_url=/usuarios 
 headers={'User-Agent': 'python-requests/2.34.2', 'Accept-Encoding': 'gzip, deflate', 'Accept': '*/*', 'Connection': 'keep-alive', 'Content-Type': 'application/json', 'Authorization': 'Bearer eyJhbGciOiJIUzI1NiJ9.eyJzdWIiOiJhZG1pbkBiaWJsaW90ZWNhLmNvbSIsImlhdCI6MTc4MTAxOTQ5NiwiZXhwIjoxNzgxMTA1ODk2fQ.n9-tJ9443Nh4_nIbTFpNwbgaxVdmNnLyh2YEvT1Cd9o'} 
 body=None 
 </msg>
<msg time="2026-06-09T12:38:16.847860" level="INFO">GET Response : url=http://localhost:8080/usuarios 
 status=200, reason= 
 headers={'Vary': 'Origin, Access-Control-Request-Method, Access-Control-Request-Headers', 'X-Content-Type-Options': 'nosniff', 'X-XSS-Protection': '0', 'Cache-Control': 'no-cache, no-store, max-age=0, must-revalidate', 'Pragma': 'no-cache', 'Expires': '0', 'X-Frame-Options': 'DENY', 'Content-Type': 'application/json', 'Content-Length': '2914', 'Date': 'Tue, 09 Jun 2026 15:38:16 GMT', 'Keep-Alive': 'timeout=60', 'Connection': 'keep-alive'} 
 body={"content":[{"id":"6c005817-edf4-46b6-9f33-3f1514285582","nomeCompleto":"Joao Teste da Silva","email":"joao_mygzuo@gmail.com","telefoneWhatsapp":"85908716891","role":"LEITOR","ativo":false,"loginBloqueado":true,"emailValidado":false,"criadoEm":"2026-06-09T15:38:14.645281"},{"id":"001cf908-06c3-4b2e-8317-26e67eb1fa2f","nomeCompleto":"Joao Teste da Silva","email":"joao_vddgdc@gmail.com","telefoneWhatsapp":"85946175546","role":"LEITOR","ativo":false,"loginBloqueado":true,"emailValidado":false,"criadoEm":"2026-06-09T15:35:48.94859"},{"id":"0e1f4231-3a0c-41b9-8d69-a32638d14b1e","nomeCompleto":"Joao Teste da Silva","email":"joao_etwquw@gmail.com","telefoneWhatsapp":"85954367991","role":"LEITOR","ativo":false,"loginBloqueado":true,"emailValidado":false,"criadoEm":"2026-06-09T15:35:23.54338"},{"id":"b4742e37-993c-4811-a93e-ca95c8611b7d","nomeCompleto":"Joao Teste da Silva","email":"joao_vomqdn@gmail.com","telefoneWhatsapp":"85937945622","role":"LEITOR","ativo":false,"loginBloqueado":true,"emailValidado":false,"criadoEm":"2026-06-09T15:34:06.330234"},{"id":"df14dfe0-7c83-4118-96fe-d24ae746a4eb","nomeCompleto":"Joao Teste da Silva","email":"joao_cudcys@gmail.com","telefoneWhatsapp":"85974195523","role":"LEITOR","ativo":false,"loginBloqueado":true,"emailValidado":false,"criadoEm":"2026-06-09T15:33:20.334027"},{"id":"7c08c35d-c89f-40dc-92d9-04673be42533","nomeCompleto":"Leitor de Testes","email":"leitor@biblioteca.com","telefoneWhatsapp":"85900000000","role":"LEITOR","ativo":true,"loginBloqueado":false,"emailValidado":true,"criadoEm":"2026-06-09T15:33:17.992654"},{"id":"45d2e5b8-00a2-4706-b80e-f7f13fd2b1b0","nomeCompleto":"Joao Teste da Silva","email":"joao_dtjizo@gmail.com","telefoneWhatsapp":"85966996959","role":"LEITOR","ativo":false,"loginBloqueado":true,"emailValidado":false,"criadoEm":"2026-06-09T14:53:48.171464"},{"id":"75199f18-65bd-4a8c-8ad0-76e25cf28871","nomeCompleto":"Joao Teste da Silva","email":"joao_qvybho@gmail.com","telefoneWhatsapp":"85920400938","role":"LEITOR","ativo":false,"loginBloqueado":true,"emailValidado":false,"criadoEm":"2026-06-09T14:53:21.541491"},{"id":"73c674da-78d1-45fc-bceb-ec8a677b17f1","nomeCompleto":"João Íthalo","email":"almds@gmail.com","telefoneWhatsapp":"85931408040","role":"LEITOR","ativo":true,"loginBloqueado":false,"emailValidado":true,"criadoEm":"2026-06-09T10:42:02.421529"},{"id":"1320a464-c514-4c63-aeae-fc8a5e76070d","nomeCompleto":"João Íthalo","email":"almeidinha@gmail.com","telefoneWhatsapp":"85981408040","role":"LEITOR","ativo":false,"loginBloqueado":true,"emailValidado":false,"criadoEm":"2026-06-09T10:40:30.015764"}],"empty":false,"first":true,"last":false,"number":0,"numberOfElements":10,"pageable":{"offset":0,"pageNumber":0,"pageSize":10,"paged":true,"sort":{"empty":false,"sorted":true,"unsorted":false},"unpaged":false},"size":10,"sort":{"empty":false,"sorted":true,"unsorted":false},"totalElements":12,"totalPages":2} 
 </msg>
<msg time="2026-06-09T12:38:16.847860" level="INFO">${response} = &lt;Response [200]&gt;</msg>
<var>${response}</var>
<arg>biblioteca_api</arg>
<arg>${USUARIOS_ENDPOINT}</arg>
<arg>headers=${headers}</arg>
<arg>expected_status=200</arg>
<doc>Sends a GET request on a previously created HTTP Session.</doc>
<status status="PASS" start="2026-06-09T12:38:16.819286" elapsed="0.028574"/>
</kw>
<kw name="Dictionary Should Contain Key" owner="Collections">
<msg time="2026-06-09T12:38:16.848884" level="INFO">False</msg>
<arg>${response.json()}</arg>
<arg>content</arg>
<doc>Fails if ``key`` is not found from ``dictionary``.</doc>
<status status="PASS" start="2026-06-09T12:38:16.848367" elapsed="0.000517"/>
</kw>
<doc>Testa a listagem de usuários apenas para admins</doc>
<status status="PASS" start="2026-06-09T12:38:16.738263" elapsed="0.110621"/>
</test>
<test id="s1-s4-t2" name="CT02: (LEITOR) Deve receber 403 ao tentar listar todos os usuarios" line="27">
<kw name="Gerar Token Leitor" owner="keywords">
<kw name="Obter Headers Padrao" owner="api_config">
<kw name="Create Dictionary" owner="BuiltIn">
<msg time="2026-06-09T12:38:16.850403" level="INFO">${headers} = {'Content-Type': 'application/json'}</msg>
<var>${headers}</var>
<arg>Content-Type=${CONTENT_TYPE}</arg>
<doc>Creates and returns a dictionary based on the given ``items``.</doc>
<status status="PASS" start="2026-06-09T12:38:16.850403" elapsed="0.001010"/>
</kw>
<return>
<value>${headers}</value>
<status status="PASS" start="2026-06-09T12:38:16.851413" elapsed="0.000000"/>
</return>
<msg time="2026-06-09T12:38:16.851413" level="INFO">${headers} = {'Content-Type': 'application/json'}</msg>
<var>${headers}</var>
<status status="PASS" start="2026-06-09T12:38:16.850403" elapsed="0.001010"/>
</kw>
<kw name="Create Dictionary" owner="BuiltIn">
<msg time="2026-06-09T12:38:16.851413" level="INFO">${body} = {'identificador': 'leitor@biblioteca.com', 'senha': 'Leitor@123'}</msg>
<var>${body}</var>
<arg>identificador=${LEITOR_EMAIL}</arg>
<arg>senha=${LEITOR_PASSWORD}</arg>
<doc>Creates and returns a dictionary based on the given ``items``.</doc>
<status status="PASS" start="2026-06-09T12:38:16.851413" elapsed="0.000000"/>
</kw>
<kw name="POST On Session" owner="RequestsLibrary">
<msg time="2026-06-09T12:38:16.941147" level="INFO">POST Request : url=http://localhost:8080/auth/login 
 path_url=/auth/login 
 headers={'User-Agent': 'python-requests/2.34.2', 'Accept-Encoding': 'gzip, deflate', 'Accept': '*/*', 'Connection': 'keep-alive', 'Content-Type': 'application/json', 'Content-Length': '65'} 
 body=b'{"identificador": "leitor@biblioteca.com", "senha": "Leitor@123"}' 
 </msg>
<msg time="2026-06-09T12:38:16.941147" level="INFO">POST Response : url=http://localhost:8080/auth/login 
 status=200, reason= 
 headers={'Vary': 'Origin, Access-Control-Request-Method, Access-Control-Request-Headers', 'X-Content-Type-Options': 'nosniff', 'X-XSS-Protection': '0', 'Cache-Control': 'no-cache, no-store, max-age=0, must-revalidate', 'Pragma': 'no-cache', 'Expires': '0', 'X-Frame-Options': 'DENY', 'Content-Type': 'application/json', 'Content-Length': '323', 'Date': 'Tue, 09 Jun 2026 15:38:16 GMT', 'Keep-Alive': 'timeout=60', 'Connection': 'keep-alive'} 
 body={"id":"7c08c35d-c89f-40dc-92d9-04673be42533","nomeCompleto":"Leitor de Testes","email":"leitor@biblioteca.com","telefoneWhatsapp":"85900000000","role":"LEITOR","token":"eyJhbGciOiJIUzI1NiJ9.eyJzdWIiOiJsZWl0b3JAYmlibGlvdGVjYS5jb20iLCJpYXQiOjE3ODEwMTk0OTYsImV4cCI6MTc4MTEwNTg5Nn0.jRQRWCrbp3QnxIPHQ7Vb--dx3s4ysm_Y4v93i0nEvCs"} 
 </msg>
<msg time="2026-06-09T12:38:16.941147" level="INFO">${response} = &lt;Response [200]&gt;</msg>
<var>${response}</var>
<arg>biblioteca_api</arg>
<arg>/auth/login</arg>
<arg>json=${body}</arg>
<arg>headers=${headers}</arg>
<arg>expected_status=200</arg>
<doc>Sends a POST request on a previously created HTTP Session.</doc>
<status status="PASS" start="2026-06-09T12:38:16.851413" elapsed="0.089734"/>
</kw>
<kw name="Set Variable" owner="BuiltIn">
<msg time="2026-06-09T12:38:16.942161" level="INFO">${token} = eyJhbGciOiJIUzI1NiJ9.eyJzdWIiOiJsZWl0b3JAYmlibGlvdGVjYS5jb20iLCJpYXQiOjE3ODEwMTk0OTYsImV4cCI6MTc4MTEwNTg5Nn0.jRQRWCrbp3QnxIPHQ7Vb--dx3s4ysm_Y4v93i0nEvCs</msg>
<var>${token}</var>
<arg>${response.json()}[token]</arg>
<doc>Returns the given values which can then be assigned to a variables.</doc>
<status status="PASS" start="2026-06-09T12:38:16.941147" elapsed="0.001014"/>
</kw>
<return>
<value>${token}</value>
<status status="PASS" start="2026-06-09T12:38:16.942161" elapsed="0.000000"/>
</return>
<msg time="2026-06-09T12:38:16.942161" level="INFO">${token} = eyJhbGciOiJIUzI1NiJ9.eyJzdWIiOiJsZWl0b3JAYmlibGlvdGVjYS5jb20iLCJpYXQiOjE3ODEwMTk0OTYsImV4cCI6MTc4MTEwNTg5Nn0.jRQRWCrbp3QnxIPHQ7Vb--dx3s4ysm_Y4v93i0nEvCs</msg>
<var>${token}</var>
<doc>Faz login com a conta de leitor de testes (criada pelo DatabaseSeeder) e retorna o token JWT</doc>
<status status="PASS" start="2026-06-09T12:38:16.850403" elapsed="0.091758"/>
</kw>
<kw name="Obter Headers Padrao" owner="api_config">
<kw name="Create Dictionary" owner="BuiltIn">
<msg time="2026-06-09T12:38:16.942719" level="INFO">${headers} = {'Content-Type': 'application/json'}</msg>
<var>${headers}</var>
<arg>Content-Type=${CONTENT_TYPE}</arg>
<doc>Creates and returns a dictionary based on the given ``items``.</doc>
<status status="PASS" start="2026-06-09T12:38:16.942719" elapsed="0.000000"/>
</kw>
<return>
<value>${headers}</value>
<status status="PASS" start="2026-06-09T12:38:16.942719" elapsed="0.000000"/>
</return>
<msg time="2026-06-09T12:38:16.942719" level="INFO">${headers} = {'Content-Type': 'application/json'}</msg>
<var>${headers}</var>
<status status="PASS" start="2026-06-09T12:38:16.942719" elapsed="0.000000"/>
</kw>
<kw name="Set To Dictionary" owner="Collections">
<arg>${headers}</arg>
<arg>Authorization</arg>
<arg>Bearer ${token}</arg>
<doc>Adds the given ``key_value_pairs`` and/or ``items`` to the ``dictionary``.</doc>
<status status="PASS" start="2026-06-09T12:38:16.942719" elapsed="0.000000"/>
</kw>
<kw name="GET On Session" owner="RequestsLibrary">
<msg time="2026-06-09T12:38:16.948266" level="INFO">GET Request : url=http://localhost:8080/usuarios 
 path_url=/usuarios 
 headers={'User-Agent': 'python-requests/2.34.2', 'Accept-Encoding': 'gzip, deflate', 'Accept': '*/*', 'Connection': 'keep-alive', 'Content-Type': 'application/json', 'Authorization': 'Bearer eyJhbGciOiJIUzI1NiJ9.eyJzdWIiOiJsZWl0b3JAYmlibGlvdGVjYS5jb20iLCJpYXQiOjE3ODEwMTk0OTYsImV4cCI6MTc4MTEwNTg5Nn0.jRQRWCrbp3QnxIPHQ7Vb--dx3s4ysm_Y4v93i0nEvCs'} 
 body=None 
 </msg>
<msg time="2026-06-09T12:38:16.948266" level="INFO">GET Response : url=http://localhost:8080/usuarios 
 status=403, reason= 
 headers={'Vary': 'Origin, Access-Control-Request-Method, Access-Control-Request-Headers', 'X-Content-Type-Options': 'nosniff', 'X-XSS-Protection': '0', 'Cache-Control': 'no-cache, no-store, max-age=0, must-revalidate', 'Pragma': 'no-cache', 'Expires': '0', 'X-Frame-Options': 'DENY', 'Content-Type': 'application/json;charset=UTF-8', 'Content-Length': '179', 'Date': 'Tue, 09 Jun 2026 15:38:16 GMT', 'Keep-Alive': 'timeout=60', 'Connection': 'keep-alive'} 
 body={"timestamp":"2026-06-09T15:38:16.9472572","status":403,"erro":"Acesso negado","mensagem":"Você não possui permissão para acessar este recurso.","path":"/usuarios","campos":[]} 
 </msg>
<arg>biblioteca_api</arg>
<arg>${USUARIOS_ENDPOINT}</arg>
<arg>headers=${headers}</arg>
<arg>expected_status=403</arg>
<doc>Sends a GET request on a previously created HTTP Session.</doc>
<status status="PASS" start="2026-06-09T12:38:16.943759" elapsed="0.004507"/>
</kw>
<doc>Testa a segurança da rota de listagem contra acessos de leitores</doc>
<status status="PASS" start="2026-06-09T12:38:16.848884" elapsed="0.099382"/>
</test>
<test id="s1-s4-t3" name="CT03: (LEITOR/ADMIN) Deve conseguir acessar o proprio perfil em /me" line="39">
<kw name="Gerar Token Leitor" owner="keywords">
<kw name="Obter Headers Padrao" owner="api_config">
<kw name="Create Dictionary" owner="BuiltIn">
<msg time="2026-06-09T12:38:16.949272" level="INFO">${headers} = {'Content-Type': 'application/json'}</msg>
<var>${headers}</var>
<arg>Content-Type=${CONTENT_TYPE}</arg>
<doc>Creates and returns a dictionary based on the given ``items``.</doc>
<status status="PASS" start="2026-06-09T12:38:16.949272" elapsed="0.000000"/>
</kw>
<return>
<value>${headers}</value>
<status status="PASS" start="2026-06-09T12:38:16.949272" elapsed="0.000000"/>
</return>
<msg time="2026-06-09T12:38:16.950274" level="INFO">${headers} = {'Content-Type': 'application/json'}</msg>
<var>${headers}</var>
<status status="PASS" start="2026-06-09T12:38:16.949272" elapsed="0.001002"/>
</kw>
<kw name="Create Dictionary" owner="BuiltIn">
<msg time="2026-06-09T12:38:16.950274" level="INFO">${body} = {'identificador': 'leitor@biblioteca.com', 'senha': 'Leitor@123'}</msg>
<var>${body}</var>
<arg>identificador=${LEITOR_EMAIL}</arg>
<arg>senha=${LEITOR_PASSWORD}</arg>
<doc>Creates and returns a dictionary based on the given ``items``.</doc>
<status status="PASS" start="2026-06-09T12:38:16.950274" elapsed="0.000000"/>
</kw>
<kw name="POST On Session" owner="RequestsLibrary">
<msg time="2026-06-09T12:38:17.021719" level="INFO">POST Request : url=http://localhost:8080/auth/login 
 path_url=/auth/login 
 headers={'User-Agent': 'python-requests/2.34.2', 'Accept-Encoding': 'gzip, deflate', 'Accept': '*/*', 'Connection': 'keep-alive', 'Content-Type': 'application/json', 'Content-Length': '65'} 
 body=b'{"identificador": "leitor@biblioteca.com", "senha": "Leitor@123"}' 
 </msg>
<msg time="2026-06-09T12:38:17.021719" level="INFO">POST Response : url=http://localhost:8080/auth/login 
 status=200, reason= 
 headers={'Vary': 'Origin, Access-Control-Request-Method, Access-Control-Request-Headers', 'X-Content-Type-Options': 'nosniff', 'X-XSS-Protection': '0', 'Cache-Control': 'no-cache, no-store, max-age=0, must-revalidate', 'Pragma': 'no-cache', 'Expires': '0', 'X-Frame-Options': 'DENY', 'Content-Type': 'application/json', 'Content-Length': '323', 'Date': 'Tue, 09 Jun 2026 15:38:17 GMT', 'Keep-Alive': 'timeout=60', 'Connection': 'keep-alive'} 
 body={"id":"7c08c35d-c89f-40dc-92d9-04673be42533","nomeCompleto":"Leitor de Testes","email":"leitor@biblioteca.com","telefoneWhatsapp":"85900000000","role":"LEITOR","token":"eyJhbGciOiJIUzI1NiJ9.eyJzdWIiOiJsZWl0b3JAYmlibGlvdGVjYS5jb20iLCJpYXQiOjE3ODEwMTk0OTcsImV4cCI6MTc4MTEwNTg5N30.SVjLHaZ7_OHaPDIVC5OrB25pBG4tviJlqYqnr-xbpe8"} 
 </msg>
<msg time="2026-06-09T12:38:17.021719" level="INFO">${response} = &lt;Response [200]&gt;</msg>
<var>${response}</var>
<arg>biblioteca_api</arg>
<arg>/auth/login</arg>
<arg>json=${body}</arg>
<arg>headers=${headers}</arg>
<arg>expected_status=200</arg>
<doc>Sends a POST request on a previously created HTTP Session.</doc>
<status status="PASS" start="2026-06-09T12:38:16.950274" elapsed="0.071445"/>
</kw>
<kw name="Set Variable" owner="BuiltIn">
<msg time="2026-06-09T12:38:17.021719" level="INFO">${token} = eyJhbGciOiJIUzI1NiJ9.eyJzdWIiOiJsZWl0b3JAYmlibGlvdGVjYS5jb20iLCJpYXQiOjE3ODEwMTk0OTcsImV4cCI6MTc4MTEwNTg5N30.SVjLHaZ7_OHaPDIVC5OrB25pBG4tviJlqYqnr-xbpe8</msg>
<var>${token}</var>
<arg>${response.json()}[token]</arg>
<doc>Returns the given values which can then be assigned to a variables.</doc>
<status status="PASS" start="2026-06-09T12:38:17.021719" elapsed="0.000000"/>
</kw>
<return>
<value>${token}</value>
<status status="PASS" start="2026-06-09T12:38:17.021719" elapsed="0.000000"/>
</return>
<msg time="2026-06-09T12:38:17.021719" level="INFO">${token} = eyJhbGciOiJIUzI1NiJ9.eyJzdWIiOiJsZWl0b3JAYmlibGlvdGVjYS5jb20iLCJpYXQiOjE3ODEwMTk0OTcsImV4cCI6MTc4MTEwNTg5N30.SVjLHaZ7_OHaPDIVC5OrB25pBG4tviJlqYqnr-xbpe8</msg>
<var>${token}</var>
<doc>Faz login com a conta de leitor de testes (criada pelo DatabaseSeeder) e retorna o token JWT</doc>
<status status="PASS" start="2026-06-09T12:38:16.949272" elapsed="0.072447"/>
</kw>
<kw name="Obter Headers Padrao" owner="api_config">
<kw name="Create Dictionary" owner="BuiltIn">
<msg time="2026-06-09T12:38:17.022718" level="INFO">${headers} = {'Content-Type': 'application/json'}</msg>
<var>${headers}</var>
<arg>Content-Type=${CONTENT_TYPE}</arg>
<doc>Creates and returns a dictionary based on the given ``items``.</doc>
<status status="PASS" start="2026-06-09T12:38:17.022718" elapsed="0.000000"/>
</kw>
<return>
<value>${headers}</value>
<status status="PASS" start="2026-06-09T12:38:17.022718" elapsed="0.000000"/>
</return>
<msg time="2026-06-09T12:38:17.022718" level="INFO">${headers} = {'Content-Type': 'application/json'}</msg>
<var>${headers}</var>
<status status="PASS" start="2026-06-09T12:38:17.022718" elapsed="0.000000"/>
</kw>
<kw name="Set To Dictionary" owner="Collections">
<arg>${headers}</arg>
<arg>Authorization</arg>
<arg>Bearer ${token}</arg>
<doc>Adds the given ``key_value_pairs`` and/or ``items`` to the ``dictionary``.</doc>
<status status="PASS" start="2026-06-09T12:38:17.022718" elapsed="0.000000"/>
</kw>
<kw name="GET On Session" owner="RequestsLibrary">
<msg time="2026-06-09T12:38:17.033303" level="INFO">GET Request : url=http://localhost:8080/usuarios/me 
 path_url=/usuarios/me 
 headers={'User-Agent': 'python-requests/2.34.2', 'Accept-Encoding': 'gzip, deflate', 'Accept': '*/*', 'Connection': 'keep-alive', 'Content-Type': 'application/json', 'Authorization': 'Bearer eyJhbGciOiJIUzI1NiJ9.eyJzdWIiOiJsZWl0b3JAYmlibGlvdGVjYS5jb20iLCJpYXQiOjE3ODEwMTk0OTcsImV4cCI6MTc4MTEwNTg5N30.SVjLHaZ7_OHaPDIVC5OrB25pBG4tviJlqYqnr-xbpe8'} 
 body=None 
 </msg>
<msg time="2026-06-09T12:38:17.033303" level="INFO">GET Response : url=http://localhost:8080/usuarios/me 
 status=200, reason= 
 headers={'Vary': 'Origin, Access-Control-Request-Method, Access-Control-Request-Headers', 'X-Content-Type-Options': 'nosniff', 'X-XSS-Protection': '0', 'Cache-Control': 'no-cache, no-store, max-age=0, must-revalidate', 'Pragma': 'no-cache', 'Expires': '0', 'X-Frame-Options': 'DENY', 'Content-Type': 'application/json', 'Content-Length': '257', 'Date': 'Tue, 09 Jun 2026 15:38:17 GMT', 'Keep-Alive': 'timeout=60', 'Connection': 'keep-alive'} 
 body={"id":"7c08c35d-c89f-40dc-92d9-04673be42533","nomeCompleto":"Leitor de Testes","email":"leitor@biblioteca.com","telefoneWhatsapp":"85900000000","role":"LEITOR","ativo":true,"loginBloqueado":false,"emailValidado":true,"criadoEm":"2026-06-09T15:33:17.992654"} 
 </msg>
<msg time="2026-06-09T12:38:17.033303" level="INFO">${response} = &lt;Response [200]&gt;</msg>
<var>${response}</var>
<arg>biblioteca_api</arg>
<arg>${USUARIOS_ENDPOINT}/me</arg>
<arg>headers=${headers}</arg>
<arg>expected_status=200</arg>
<doc>Sends a GET request on a previously created HTTP Session.</doc>
<status status="PASS" start="2026-06-09T12:38:17.023719" elapsed="0.009584"/>
</kw>
<kw name="Should Be Equal As Strings" owner="BuiltIn">
<arg>${response.json()}[email]</arg>
<arg>${LEITOR_EMAIL}</arg>
<doc>Fails if objects are unequal after converting them to strings.</doc>
<status status="PASS" start="2026-06-09T12:38:17.034370" elapsed="0.000980"/>
</kw>
<doc>Testa o endpoint de visualização do próprio perfil</doc>
<status status="PASS" start="2026-06-09T12:38:16.949272" elapsed="0.086078"/>
</test>
<doc>Suite de testes para validar o UsuarioController</doc>
<status status="PASS" start="2026-06-09T12:38:16.732261" elapsed="0.303089"/>
</suite>
<status status="PASS" start="2026-06-09T12:38:14.048428" elapsed="2.987921"/>
</suite>
<statistics>
<total>
<stat pass="16" fail="0" skip="0">All Tests</stat>
</total>
<tag>
</tag>
<suite>
<stat pass="16" fail="0" skip="0" id="s1" name="Tests">Tests</stat>
<stat pass="3" fail="0" skip="0" id="s1-s1" name="Auth Test">Tests.Auth Test</stat>
<stat pass="5" fail="0" skip="0" id="s1-s2" name="Emprestimos Test">Tests.Emprestimos Test</stat>
<stat pass="5" fail="0" skip="0" id="s1-s3" name="Livros Test">Tests.Livros Test</stat>
<stat pass="3" fail="0" skip="0" id="s1-s4" name="Usuarios Test">Tests.Usuarios Test</stat>
</suite>
</statistics>
<errors>
</errors>
</robot>
